<?xml version="1.0" encoding="UTF-8"?>
<coverage generated="1612675799891" clover="3.2.0">
  <project timestamp="1612675799891" name="All files">
    <metrics statements="244" coveredstatements="203" conditionals="150" coveredconditionals="102" methods="66" coveredmethods="48" elements="460" coveredelements="353" complexity="0" loc="244" ncloc="244" packages="3" files="12" classes="12"/>
    <package name="props">
      <metrics statements="155" coveredstatements="126" conditionals="79" coveredconditionals="55" methods="41" coveredmethods="32"/>
      <file name="assert.ts" path="D:\project\love-code\packages\compile\src\props\assert.ts">
        <metrics statements="21" coveredstatements="19" conditionals="18" coveredconditionals="14" methods="10" coveredmethods="8"/>
        <line num="4" count="4" type="stmt"/>
        <line num="16" count="4" type="stmt"/>
        <line num="17" count="66" type="stmt"/>
        <line num="25" count="4" type="stmt"/>
        <line num="26" count="20" type="cond" truecount="2" falsecount="0"/>
        <line num="33" count="4" type="stmt"/>
        <line num="34" count="3" type="cond" truecount="2" falsecount="0"/>
        <line num="41" count="4" type="stmt"/>
        <line num="42" count="16" type="cond" truecount="2" falsecount="0"/>
        <line num="50" count="4" type="stmt"/>
        <line num="51" count="12" type="cond" truecount="2" falsecount="0"/>
        <line num="59" count="4" type="stmt"/>
        <line num="60" count="8" type="cond" truecount="2" falsecount="0"/>
        <line num="68" count="4" type="stmt"/>
        <line num="69" count="0" type="cond" truecount="0" falsecount="2"/>
        <line num="77" count="4" type="stmt"/>
        <line num="78" count="5" type="cond" truecount="2" falsecount="0"/>
        <line num="86" count="4" type="stmt"/>
        <line num="87" count="0" type="cond" truecount="0" falsecount="2"/>
        <line num="95" count="4" type="stmt"/>
        <line num="96" count="2" type="cond" truecount="2" falsecount="0"/>
      </file>
      <file name="index.ts" path="D:\project\love-code\packages\compile\src\props\index.ts">
        <metrics statements="5" coveredstatements="5" conditionals="0" coveredconditionals="0" methods="0" coveredmethods="0"/>
        <line num="1" count="4" type="stmt"/>
        <line num="2" count="4" type="stmt"/>
        <line num="3" count="4" type="stmt"/>
        <line num="4" count="4" type="stmt"/>
        <line num="5" count="4" type="stmt"/>
      </file>
      <file name="pro.ts" path="D:\project\love-code\packages\compile\src\props\pro.ts">
        <metrics statements="41" coveredstatements="38" conditionals="11" coveredconditionals="10" methods="13" coveredmethods="11"/>
        <line num="1" count="4" type="stmt"/>
        <line num="16" count="4" type="stmt"/>
        <line num="35" count="4" type="stmt"/>
        <line num="36" count="45" type="stmt"/>
        <line num="41" count="4" type="stmt"/>
        <line num="42" count="12" type="stmt"/>
        <line num="45" count="4" type="stmt"/>
        <line num="46" count="2" type="stmt"/>
        <line num="75" count="4" type="stmt"/>
        <line num="76" count="30" type="stmt"/>
        <line num="99" count="4" type="stmt"/>
        <line num="100" count="1" type="stmt"/>
        <line num="132" count="4" type="stmt"/>
        <line num="133" count="7" type="cond" truecount="2" falsecount="0"/>
        <line num="134" count="7" type="stmt"/>
        <line num="159" count="4" type="stmt"/>
        <line num="160" count="5" type="stmt"/>
        <line num="161" count="5" type="stmt"/>
        <line num="191" count="4" type="stmt"/>
        <line num="193" count="6" type="cond" truecount="4" falsecount="0"/>
        <line num="194" count="3" type="stmt"/>
        <line num="195" count="3" type="stmt"/>
        <line num="196" count="3" type="cond" truecount="2" falsecount="0"/>
        <line num="197" count="2" type="stmt"/>
        <line num="200" count="6" type="cond" truecount="1" falsecount="1"/>
        <line num="201" count="0" type="stmt"/>
        <line num="204" count="6" type="stmt"/>
        <line num="205" count="6" type="stmt"/>
        <line num="224" count="4" type="cond" truecount="1" falsecount="0"/>
        <line num="225" count="2" type="stmt"/>
        <line num="226" count="2" type="stmt"/>
        <line num="250" count="4" type="stmt"/>
        <line num="251" count="4" type="stmt"/>
        <line num="252" count="4" type="stmt"/>
        <line num="278" count="4" type="stmt"/>
        <line num="279" count="4" type="stmt"/>
        <line num="280" count="4" type="stmt"/>
        <line num="284" count="4" type="stmt"/>
        <line num="285" count="0" type="stmt"/>
        <line num="290" count="4" type="stmt"/>
        <line num="291" count="0" type="stmt"/>
      </file>
      <file name="props.ts" path="D:\project\love-code\packages\compile\src\props\props.ts">
        <metrics statements="21" coveredstatements="21" conditionals="14" coveredconditionals="14" methods="3" coveredmethods="3"/>
        <line num="1" count="4" type="stmt"/>
        <line num="21" count="4" type="cond" truecount="2" falsecount="0"/>
        <line num="22" count="4" type="stmt"/>
        <line num="23" count="4" type="stmt"/>
        <line num="29" count="4" type="cond" truecount="2" falsecount="0"/>
        <line num="30" count="4" type="stmt"/>
        <line num="31" count="4" type="stmt"/>
        <line num="32" count="4" type="stmt"/>
        <line num="33" count="4" type="stmt"/>
        <line num="34" count="4" type="stmt"/>
        <line num="35" count="4" type="stmt"/>
        <line num="36" count="4" type="stmt"/>
        <line num="37" count="4" type="stmt"/>
        <line num="81" count="4" type="stmt"/>
        <line num="82" count="37" type="stmt"/>
        <line num="83" count="37" type="cond" truecount="2" falsecount="0"/>
        <line num="84" count="1" type="stmt"/>
        <line num="86" count="36" type="cond" truecount="4" falsecount="0"/>
        <line num="87" count="36" type="cond" truecount="2" falsecount="0"/>
        <line num="88" count="36" type="cond" truecount="2" falsecount="0"/>
        <line num="126" count="4" type="stmt"/>
      </file>
      <file name="stringify.ts" path="D:\project\love-code\packages\compile\src\props\stringify.ts">
        <metrics statements="24" coveredstatements="18" conditionals="8" coveredconditionals="4" methods="6" coveredmethods="4"/>
        <line num="1" count="4" type="stmt"/>
        <line num="5" count="4" type="stmt"/>
        <line num="8" count="4" type="stmt"/>
        <line num="30" count="4" type="stmt"/>
        <line num="31" count="17" type="stmt"/>
        <line num="43" count="4" type="stmt"/>
        <line num="44" count="1" type="stmt"/>
        <line num="60" count="4" type="stmt"/>
        <line num="61" count="2" type="cond" truecount="2" falsecount="0"/>
        <line num="62" count="1" type="stmt"/>
        <line num="64" count="1" type="stmt"/>
        <line num="68" count="0" type="stmt"/>
        <line num="76" count="4" type="stmt"/>
        <line num="77" count="0" type="stmt"/>
        <line num="78" count="0" type="cond" truecount="0" falsecount="2"/>
        <line num="79" count="0" type="cond" truecount="0" falsecount="2"/>
        <line num="80" count="0" type="stmt"/>
        <line num="91" count="4" type="stmt"/>
        <line num="92" count="20" type="stmt"/>
        <line num="106" count="20" type="stmt"/>
        <line num="107" count="66" type="stmt"/>
        <line num="108" count="66" type="cond" truecount="2" falsecount="0"/>
        <line num="109" count="20" type="stmt"/>
        <line num="113" count="0" type="stmt"/>
      </file>
      <file name="utils.ts" path="D:\project\love-code\packages\compile\src\props\utils.ts">
        <metrics statements="43" coveredstatements="25" conditionals="28" coveredconditionals="13" methods="9" coveredmethods="6"/>
        <line num="5" count="4" type="stmt"/>
        <line num="19" count="4" type="stmt"/>
        <line num="20" count="18" type="cond" truecount="2" falsecount="0"/>
        <line num="21" count="4" type="stmt"/>
        <line num="24" count="14" type="stmt"/>
        <line num="25" count="15" type="stmt"/>
        <line num="34" count="4" type="stmt"/>
        <line num="35" count="6" type="cond" truecount="1" falsecount="1"/>
        <line num="36" count="0" type="stmt"/>
        <line num="38" count="6" type="stmt"/>
        <line num="51" count="4" type="stmt"/>
        <line num="53" count="4" type="stmt"/>
        <line num="55" count="5" type="cond" truecount="1" falsecount="1"/>
        <line num="56" count="0" type="stmt"/>
        <line num="59" count="5" type="cond" truecount="1" falsecount="1"/>
        <line num="60" count="0" type="stmt"/>
        <line num="63" count="5" type="cond" truecount="1" falsecount="1"/>
        <line num="64" count="0" type="stmt"/>
        <line num="67" count="5" type="stmt"/>
        <line num="84" count="4" type="stmt"/>
        <line num="85" count="0" type="stmt"/>
        <line num="89" count="0" type="stmt"/>
        <line num="90" count="0" type="cond" truecount="0" falsecount="2"/>
        <line num="93" count="0" type="cond" truecount="0" falsecount="2"/>
        <line num="94" count="0" type="stmt"/>
        <line num="97" count="0" type="cond" truecount="0" falsecount="2"/>
        <line num="98" count="0" type="stmt"/>
        <line num="101" count="0" type="cond" truecount="0" falsecount="2"/>
        <line num="102" count="0" type="stmt"/>
        <line num="105" count="0" type="cond" truecount="0" falsecount="2"/>
        <line num="106" count="0" type="stmt"/>
        <line num="109" count="0" type="stmt"/>
        <line num="114" count="0" type="stmt"/>
        <line num="141" count="4" type="stmt"/>
        <line num="142" count="17" type="cond" truecount="1" falsecount="1"/>
        <line num="143" count="0" type="stmt"/>
        <line num="146" count="17" type="cond" truecount="2" falsecount="0"/>
        <line num="147" count="4" type="stmt"/>
        <line num="150" count="13" type="cond" truecount="2" falsecount="0"/>
        <line num="151" count="1" type="stmt"/>
        <line num="154" count="12" type="cond" truecount="2" falsecount="0"/>
        <line num="155" count="11" type="stmt"/>
        <line num="158" count="1" type="stmt"/>
      </file>
    </package>
    <package name="tag">
      <metrics statements="82" coveredstatements="72" conditionals="67" coveredconditionals="46" methods="21" coveredmethods="14"/>
      <file name="assert.ts" path="D:\project\love-code\packages\compile\src\tag\assert.ts">
        <metrics statements="21" coveredstatements="15" conditionals="20" coveredconditionals="8" methods="10" coveredmethods="4"/>
        <line num="4" count="2" type="stmt"/>
        <line num="15" count="2" type="stmt"/>
        <line num="16" count="42" type="cond" truecount="2" falsecount="0"/>
        <line num="24" count="2" type="stmt"/>
        <line num="25" count="0" type="cond" truecount="0" falsecount="2"/>
        <line num="33" count="2" type="stmt"/>
        <line num="34" count="8" type="cond" truecount="2" falsecount="0"/>
        <line num="42" count="2" type="stmt"/>
        <line num="43" count="8" type="cond" truecount="2" falsecount="0"/>
        <line num="51" count="2" type="stmt"/>
        <line num="52" count="12" type="cond" truecount="2" falsecount="0"/>
        <line num="58" count="2" type="stmt"/>
        <line num="59" count="0" type="cond" truecount="0" falsecount="2"/>
        <line num="62" count="2" type="stmt"/>
        <line num="63" count="0" type="cond" truecount="0" falsecount="2"/>
        <line num="66" count="2" type="stmt"/>
        <line num="67" count="0" type="cond" truecount="0" falsecount="2"/>
        <line num="70" count="2" type="stmt"/>
        <line num="71" count="0" type="cond" truecount="0" falsecount="2"/>
        <line num="74" count="2" type="stmt"/>
        <line num="75" count="0" type="cond" truecount="0" falsecount="2"/>
      </file>
      <file name="index.ts" path="D:\project\love-code\packages\compile\src\tag\index.ts">
        <metrics statements="4" coveredstatements="4" conditionals="0" coveredconditionals="0" methods="0" coveredmethods="0"/>
        <line num="1" count="2" type="stmt"/>
        <line num="2" count="2" type="stmt"/>
        <line num="3" count="2" type="stmt"/>
        <line num="4" count="2" type="stmt"/>
      </file>
      <file name="pro.ts" path="D:\project\love-code\packages\compile\src\tag\pro.ts">
        <metrics statements="30" coveredstatements="29" conditionals="28" coveredconditionals="25" methods="6" coveredmethods="5"/>
        <line num="1" count="2" type="stmt"/>
        <line num="6" count="2" type="stmt"/>
        <line num="11" count="2" type="stmt"/>
        <line num="13" count="2" type="stmt"/>
        <line num="36" count="2" type="stmt"/>
        <line num="37" count="34" type="stmt"/>
        <line num="72" count="2" type="stmt"/>
        <line num="73" count="16" type="cond" truecount="4" falsecount="0"/>
        <line num="74" count="4" type="stmt"/>
        <line num="77" count="12" type="cond" truecount="4" falsecount="0"/>
        <line num="78" count="2" type="stmt"/>
        <line num="81" count="10" type="cond" truecount="4" falsecount="0"/>
        <line num="82" count="9" type="stmt"/>
        <line num="85" count="1" type="stmt"/>
        <line num="110" count="2" type="stmt"/>
        <line num="111" count="5" type="cond" truecount="2" falsecount="2"/>
        <line num="112" count="5" type="stmt"/>
        <line num="130" count="2" type="stmt"/>
        <line num="131" count="13" type="cond" truecount="4" falsecount="0"/>
        <line num="134" count="13" type="cond" truecount="2" falsecount="0"/>
        <line num="136" count="1" type="stmt"/>
        <line num="137" count="2" type="cond" truecount="1" falsecount="1"/>
        <line num="139" count="12" type="cond" truecount="2" falsecount="0"/>
        <line num="141" count="2" type="stmt"/>
        <line num="142" count="10" type="cond" truecount="2" falsecount="0"/>
        <line num="144" count="6" type="stmt"/>
        <line num="147" count="4" type="stmt"/>
        <line num="150" count="13" type="stmt"/>
        <line num="168" count="2" type="stmt"/>
        <line num="169" count="0" type="stmt"/>
      </file>
      <file name="stringify.ts" path="D:\project\love-code\packages\compile\src\tag\stringify.ts">
        <metrics statements="21" coveredstatements="18" conditionals="17" coveredconditionals="11" methods="4" coveredmethods="4"/>
        <line num="5" count="2" type="stmt"/>
        <line num="9" count="2" type="stmt"/>
        <line num="14" count="2" type="stmt"/>
        <line num="16" count="2" type="stmt"/>
        <line num="25" count="2" type="stmt"/>
        <line num="26" count="8" type="cond" truecount="1" falsecount="3"/>
        <line num="61" count="2" type="cond" truecount="1" falsecount="0"/>
        <line num="62" count="12" type="stmt"/>
        <line num="64" count="12" type="cond" truecount="2" falsecount="0"/>
        <line num="65" count="4" type="stmt"/>
        <line num="68" count="8" type="stmt"/>
        <line num="69" count="8" type="cond" truecount="1" falsecount="1"/>
        <line num="70" count="0" type="stmt"/>
        <line num="71" count="0" type="stmt"/>
        <line num="76" count="8" type="cond" truecount="1" falsecount="1"/>
        <line num="78" count="8" type="cond" truecount="1" falsecount="1"/>
        <line num="79" count="0" type="stmt"/>
        <line num="82" count="8" type="cond" truecount="2" falsecount="0"/>
        <line num="83" count="4" type="stmt"/>
        <line num="86" count="4" type="cond" truecount="2" falsecount="0"/>
        <line num="87" count="4" type="stmt"/>
      </file>
      <file name="tag.ts" path="D:\project\love-code\packages\compile\src\tag\tag.ts">
        <metrics statements="6" coveredstatements="6" conditionals="2" coveredconditionals="2" methods="1" coveredmethods="1"/>
        <line num="5" count="2" type="cond" truecount="2" falsecount="0"/>
        <line num="6" count="2" type="stmt"/>
        <line num="7" count="2" type="stmt"/>
        <line num="8" count="2" type="stmt"/>
        <line num="9" count="2" type="stmt"/>
        <line num="12" count="2" type="stmt"/>
      </file>
    </package>
    <package name="utils">
      <metrics statements="7" coveredstatements="5" conditionals="4" coveredconditionals="1" methods="4" coveredmethods="2"/>
      <file name="index.ts" path="D:\project\love-code\packages\compile\src\utils\index.ts">
        <metrics statements="7" coveredstatements="5" conditionals="4" coveredconditionals="1" methods="4" coveredmethods="2"/>
        <line num="7" count="2" type="stmt"/>
        <line num="8" count="0" type="stmt"/>
        <line num="16" count="2" type="stmt"/>
        <line num="17" count="0" type="stmt"/>
        <line num="30" count="2" type="stmt"/>
        <line num="31" count="8" type="stmt"/>
        <line num="32" count="28" type="cond" truecount="1" falsecount="3"/>
      </file>
    </package>
  </project>
</coverage>
