<?xml version="1.0" encoding="UTF-8"?>
<coverage generated="1611624879480" clover="3.2.0">
  <project timestamp="1611624879480" name="All files">
    <metrics statements="256" coveredstatements="215" conditionals="152" coveredconditionals="103" methods="76" coveredmethods="56" elements="484" coveredelements="374" complexity="0" loc="256" ncloc="256" packages="3" files="13" classes="13"/>
    <package name="props">
      <metrics statements="155" coveredstatements="126" conditionals="79" coveredconditionals="55" methods="41" coveredmethods="32"/>
      <file name="assert.ts" path="F:\mony\pc\love-code\packages\compile\src\props\assert.ts">
        <metrics statements="21" coveredstatements="19" conditionals="18" coveredconditionals="14" methods="10" coveredmethods="8"/>
        <line num="1" count="4" type="stmt"/>
        <line num="8" count="4" type="stmt"/>
        <line num="9" count="66" type="stmt"/>
        <line num="12" count="4" type="stmt"/>
        <line num="13" count="20" type="cond" truecount="2" falsecount="0"/>
        <line num="16" count="4" type="stmt"/>
        <line num="17" count="3" type="cond" truecount="2" falsecount="0"/>
        <line num="20" count="4" type="stmt"/>
        <line num="21" count="16" type="cond" truecount="2" falsecount="0"/>
        <line num="24" count="4" type="stmt"/>
        <line num="25" count="12" type="cond" truecount="2" falsecount="0"/>
        <line num="28" count="4" type="stmt"/>
        <line num="29" count="8" type="cond" truecount="2" falsecount="0"/>
        <line num="32" count="4" type="stmt"/>
        <line num="33" count="0" type="cond" truecount="0" falsecount="2"/>
        <line num="36" count="4" type="stmt"/>
        <line num="37" count="5" type="cond" truecount="2" falsecount="0"/>
        <line num="40" count="4" type="stmt"/>
        <line num="41" count="0" type="cond" truecount="0" falsecount="2"/>
        <line num="44" count="4" type="stmt"/>
        <line num="45" count="2" type="cond" truecount="2" falsecount="0"/>
      </file>
      <file name="index.ts" path="F:\mony\pc\love-code\packages\compile\src\props\index.ts">
        <metrics statements="5" coveredstatements="5" conditionals="0" coveredconditionals="0" methods="0" coveredmethods="0"/>
        <line num="1" count="4" type="stmt"/>
        <line num="2" count="4" type="stmt"/>
        <line num="3" count="4" type="stmt"/>
        <line num="4" count="4" type="stmt"/>
        <line num="5" count="4" type="stmt"/>
      </file>
      <file name="pro.ts" path="F:\mony\pc\love-code\packages\compile\src\props\pro.ts">
        <metrics statements="41" coveredstatements="38" conditionals="11" coveredconditionals="10" methods="13" coveredmethods="11"/>
        <line num="1" count="4" type="stmt"/>
        <line num="16" count="4" type="stmt"/>
        <line num="33" count="4" type="stmt"/>
        <line num="34" count="45" type="stmt"/>
        <line num="38" count="4" type="stmt"/>
        <line num="39" count="12" type="stmt"/>
        <line num="42" count="4" type="stmt"/>
        <line num="43" count="2" type="stmt"/>
        <line num="69" count="4" type="stmt"/>
        <line num="70" count="30" type="stmt"/>
        <line num="91" count="4" type="stmt"/>
        <line num="92" count="1" type="stmt"/>
        <line num="123" count="4" type="stmt"/>
        <line num="124" count="7" type="cond" truecount="2" falsecount="0"/>
        <line num="125" count="7" type="stmt"/>
        <line num="148" count="4" type="stmt"/>
        <line num="149" count="5" type="stmt"/>
        <line num="150" count="5" type="stmt"/>
        <line num="178" count="4" type="stmt"/>
        <line num="180" count="6" type="cond" truecount="4" falsecount="0"/>
        <line num="181" count="3" type="stmt"/>
        <line num="182" count="3" type="stmt"/>
        <line num="183" count="3" type="cond" truecount="2" falsecount="0"/>
        <line num="184" count="2" type="stmt"/>
        <line num="187" count="6" type="cond" truecount="1" falsecount="1"/>
        <line num="188" count="0" type="stmt"/>
        <line num="191" count="6" type="stmt"/>
        <line num="192" count="6" type="stmt"/>
        <line num="209" count="4" type="cond" truecount="1" falsecount="0"/>
        <line num="210" count="2" type="stmt"/>
        <line num="211" count="2" type="stmt"/>
        <line num="233" count="4" type="stmt"/>
        <line num="234" count="4" type="stmt"/>
        <line num="235" count="4" type="stmt"/>
        <line num="260" count="4" type="stmt"/>
        <line num="261" count="4" type="stmt"/>
        <line num="262" count="4" type="stmt"/>
        <line num="266" count="4" type="stmt"/>
        <line num="267" count="0" type="stmt"/>
        <line num="272" count="4" type="stmt"/>
        <line num="273" count="0" type="stmt"/>
      </file>
      <file name="props.ts" path="F:\mony\pc\love-code\packages\compile\src\props\props.ts">
        <metrics statements="21" coveredstatements="21" conditionals="14" coveredconditionals="14" methods="3" coveredmethods="3"/>
        <line num="1" count="4" type="stmt"/>
        <line num="13" count="4" type="cond" truecount="2" falsecount="0"/>
        <line num="14" count="4" type="stmt"/>
        <line num="15" count="4" type="stmt"/>
        <line num="19" count="4" type="cond" truecount="2" falsecount="0"/>
        <line num="20" count="4" type="stmt"/>
        <line num="21" count="4" type="stmt"/>
        <line num="22" count="4" type="stmt"/>
        <line num="23" count="4" type="stmt"/>
        <line num="24" count="4" type="stmt"/>
        <line num="25" count="4" type="stmt"/>
        <line num="26" count="4" type="stmt"/>
        <line num="27" count="4" type="stmt"/>
        <line num="65" count="4" type="stmt"/>
        <line num="66" count="37" type="stmt"/>
        <line num="67" count="37" type="cond" truecount="2" falsecount="0"/>
        <line num="68" count="1" type="stmt"/>
        <line num="70" count="36" type="cond" truecount="4" falsecount="0"/>
        <line num="71" count="36" type="cond" truecount="2" falsecount="0"/>
        <line num="72" count="36" type="cond" truecount="2" falsecount="0"/>
        <line num="105" count="4" type="stmt"/>
      </file>
      <file name="stringify.ts" path="F:\mony\pc\love-code\packages\compile\src\props\stringify.ts">
        <metrics statements="24" coveredstatements="18" conditionals="8" coveredconditionals="4" methods="6" coveredmethods="4"/>
        <line num="1" count="4" type="stmt"/>
        <line num="5" count="4" type="stmt"/>
        <line num="8" count="4" type="stmt"/>
        <line num="28" count="4" type="stmt"/>
        <line num="29" count="17" type="stmt"/>
        <line num="39" count="4" type="stmt"/>
        <line num="40" count="1" type="stmt"/>
        <line num="54" count="4" type="stmt"/>
        <line num="55" count="2" type="cond" truecount="2" falsecount="0"/>
        <line num="56" count="1" type="stmt"/>
        <line num="58" count="1" type="stmt"/>
        <line num="62" count="0" type="stmt"/>
        <line num="70" count="4" type="stmt"/>
        <line num="71" count="0" type="stmt"/>
        <line num="72" count="0" type="cond" truecount="0" falsecount="2"/>
        <line num="73" count="0" type="cond" truecount="0" falsecount="2"/>
        <line num="74" count="0" type="stmt"/>
        <line num="83" count="4" type="stmt"/>
        <line num="84" count="20" type="stmt"/>
        <line num="98" count="20" type="stmt"/>
        <line num="99" count="66" type="stmt"/>
        <line num="100" count="66" type="cond" truecount="2" falsecount="0"/>
        <line num="101" count="20" type="stmt"/>
        <line num="105" count="0" type="stmt"/>
      </file>
      <file name="utils.ts" path="F:\mony\pc\love-code\packages\compile\src\props\utils.ts">
        <metrics statements="43" coveredstatements="25" conditionals="28" coveredconditionals="13" methods="9" coveredmethods="6"/>
        <line num="5" count="4" type="stmt"/>
        <line num="7" count="4" type="stmt"/>
        <line num="8" count="18" type="cond" truecount="2" falsecount="0"/>
        <line num="9" count="4" type="stmt"/>
        <line num="12" count="14" type="stmt"/>
        <line num="13" count="15" type="stmt"/>
        <line num="18" count="4" type="stmt"/>
        <line num="19" count="6" type="cond" truecount="1" falsecount="1"/>
        <line num="20" count="0" type="stmt"/>
        <line num="22" count="6" type="stmt"/>
        <line num="26" count="4" type="stmt"/>
        <line num="28" count="4" type="stmt"/>
        <line num="30" count="5" type="cond" truecount="1" falsecount="1"/>
        <line num="31" count="0" type="stmt"/>
        <line num="34" count="5" type="cond" truecount="1" falsecount="1"/>
        <line num="35" count="0" type="stmt"/>
        <line num="38" count="5" type="cond" truecount="1" falsecount="1"/>
        <line num="39" count="0" type="stmt"/>
        <line num="42" count="5" type="stmt"/>
        <line num="49" count="4" type="stmt"/>
        <line num="50" count="0" type="stmt"/>
        <line num="54" count="0" type="stmt"/>
        <line num="55" count="0" type="cond" truecount="0" falsecount="2"/>
        <line num="58" count="0" type="cond" truecount="0" falsecount="2"/>
        <line num="59" count="0" type="stmt"/>
        <line num="62" count="0" type="cond" truecount="0" falsecount="2"/>
        <line num="63" count="0" type="stmt"/>
        <line num="66" count="0" type="cond" truecount="0" falsecount="2"/>
        <line num="67" count="0" type="stmt"/>
        <line num="70" count="0" type="cond" truecount="0" falsecount="2"/>
        <line num="71" count="0" type="stmt"/>
        <line num="74" count="0" type="stmt"/>
        <line num="79" count="0" type="stmt"/>
        <line num="83" count="4" type="stmt"/>
        <line num="84" count="17" type="cond" truecount="1" falsecount="1"/>
        <line num="85" count="0" type="stmt"/>
        <line num="88" count="17" type="cond" truecount="2" falsecount="0"/>
        <line num="89" count="4" type="stmt"/>
        <line num="92" count="13" type="cond" truecount="2" falsecount="0"/>
        <line num="93" count="1" type="stmt"/>
        <line num="96" count="12" type="cond" truecount="2" falsecount="0"/>
        <line num="97" count="11" type="stmt"/>
        <line num="100" count="1" type="stmt"/>
      </file>
    </package>
    <package name="tag">
      <metrics statements="82" coveredstatements="72" conditionals="67" coveredconditionals="46" methods="21" coveredmethods="14"/>
      <file name="assert.ts" path="F:\mony\pc\love-code\packages\compile\src\tag\assert.ts">
        <metrics statements="21" coveredstatements="15" conditionals="20" coveredconditionals="8" methods="10" coveredmethods="4"/>
        <line num="1" count="2" type="stmt"/>
        <line num="8" count="2" type="stmt"/>
        <line num="9" count="42" type="cond" truecount="2" falsecount="0"/>
        <line num="12" count="2" type="stmt"/>
        <line num="13" count="0" type="cond" truecount="0" falsecount="2"/>
        <line num="16" count="2" type="stmt"/>
        <line num="17" count="8" type="cond" truecount="2" falsecount="0"/>
        <line num="20" count="2" type="stmt"/>
        <line num="21" count="8" type="cond" truecount="2" falsecount="0"/>
        <line num="24" count="2" type="stmt"/>
        <line num="25" count="12" type="cond" truecount="2" falsecount="0"/>
        <line num="29" count="2" type="stmt"/>
        <line num="30" count="0" type="cond" truecount="0" falsecount="2"/>
        <line num="33" count="2" type="stmt"/>
        <line num="34" count="0" type="cond" truecount="0" falsecount="2"/>
        <line num="37" count="2" type="stmt"/>
        <line num="38" count="0" type="cond" truecount="0" falsecount="2"/>
        <line num="41" count="2" type="stmt"/>
        <line num="42" count="0" type="cond" truecount="0" falsecount="2"/>
        <line num="45" count="2" type="stmt"/>
        <line num="46" count="0" type="cond" truecount="0" falsecount="2"/>
      </file>
      <file name="index.ts" path="F:\mony\pc\love-code\packages\compile\src\tag\index.ts">
        <metrics statements="4" coveredstatements="4" conditionals="0" coveredconditionals="0" methods="0" coveredmethods="0"/>
        <line num="1" count="2" type="stmt"/>
        <line num="2" count="2" type="stmt"/>
        <line num="3" count="2" type="stmt"/>
        <line num="4" count="2" type="stmt"/>
      </file>
      <file name="pro.ts" path="F:\mony\pc\love-code\packages\compile\src\tag\pro.ts">
        <metrics statements="30" coveredstatements="29" conditionals="28" coveredconditionals="25" methods="6" coveredmethods="5"/>
        <line num="1" count="2" type="stmt"/>
        <line num="6" count="2" type="stmt"/>
        <line num="11" count="2" type="stmt"/>
        <line num="13" count="2" type="stmt"/>
        <line num="18" count="2" type="stmt"/>
        <line num="19" count="34" type="stmt"/>
        <line num="29" count="2" type="stmt"/>
        <line num="30" count="16" type="cond" truecount="4" falsecount="0"/>
        <line num="31" count="4" type="stmt"/>
        <line num="34" count="12" type="cond" truecount="4" falsecount="0"/>
        <line num="35" count="2" type="stmt"/>
        <line num="38" count="10" type="cond" truecount="4" falsecount="0"/>
        <line num="39" count="9" type="stmt"/>
        <line num="42" count="1" type="stmt"/>
        <line num="45" count="2" type="stmt"/>
        <line num="46" count="5" type="cond" truecount="2" falsecount="2"/>
        <line num="47" count="5" type="stmt"/>
        <line num="64" count="2" type="stmt"/>
        <line num="65" count="13" type="cond" truecount="4" falsecount="0"/>
        <line num="68" count="13" type="cond" truecount="2" falsecount="0"/>
        <line num="70" count="1" type="stmt"/>
        <line num="71" count="2" type="cond" truecount="1" falsecount="1"/>
        <line num="73" count="12" type="cond" truecount="2" falsecount="0"/>
        <line num="75" count="2" type="stmt"/>
        <line num="76" count="10" type="cond" truecount="2" falsecount="0"/>
        <line num="78" count="6" type="stmt"/>
        <line num="81" count="4" type="stmt"/>
        <line num="84" count="13" type="stmt"/>
        <line num="87" count="2" type="stmt"/>
        <line num="88" count="0" type="stmt"/>
      </file>
      <file name="stringify.ts" path="F:\mony\pc\love-code\packages\compile\src\tag\stringify.ts">
        <metrics statements="21" coveredstatements="18" conditionals="17" coveredconditionals="11" methods="4" coveredmethods="4"/>
        <line num="5" count="2" type="stmt"/>
        <line num="9" count="2" type="stmt"/>
        <line num="14" count="2" type="stmt"/>
        <line num="16" count="2" type="stmt"/>
        <line num="20" count="2" type="stmt"/>
        <line num="21" count="8" type="cond" truecount="1" falsecount="3"/>
        <line num="28" count="2" type="cond" truecount="1" falsecount="0"/>
        <line num="29" count="12" type="stmt"/>
        <line num="31" count="12" type="cond" truecount="2" falsecount="0"/>
        <line num="32" count="4" type="stmt"/>
        <line num="35" count="8" type="stmt"/>
        <line num="36" count="8" type="cond" truecount="1" falsecount="1"/>
        <line num="37" count="0" type="stmt"/>
        <line num="38" count="0" type="stmt"/>
        <line num="43" count="8" type="cond" truecount="1" falsecount="1"/>
        <line num="45" count="8" type="cond" truecount="1" falsecount="1"/>
        <line num="46" count="0" type="stmt"/>
        <line num="49" count="8" type="cond" truecount="2" falsecount="0"/>
        <line num="50" count="4" type="stmt"/>
        <line num="53" count="4" type="cond" truecount="2" falsecount="0"/>
        <line num="54" count="4" type="stmt"/>
      </file>
      <file name="tag.ts" path="F:\mony\pc\love-code\packages\compile\src\tag\tag.ts">
        <metrics statements="6" coveredstatements="6" conditionals="2" coveredconditionals="2" methods="1" coveredmethods="1"/>
        <line num="5" count="2" type="cond" truecount="2" falsecount="0"/>
        <line num="6" count="2" type="stmt"/>
        <line num="7" count="2" type="stmt"/>
        <line num="8" count="2" type="stmt"/>
        <line num="9" count="2" type="stmt"/>
        <line num="12" count="2" type="stmt"/>
      </file>
    </package>
    <package name="utils">
      <metrics statements="19" coveredstatements="17" conditionals="6" coveredconditionals="2" methods="14" coveredmethods="10"/>
      <file name="assert.ts" path="F:\mony\pc\love-code\packages\compile\src\utils\assert.ts">
        <metrics statements="12" coveredstatements="12" conditionals="2" coveredconditionals="1" methods="10" coveredmethods="8"/>
        <line num="4" count="4" type="stmt"/>
        <line num="5" count="166" type="stmt"/>
        <line num="6" count="166" type="cond" truecount="1" falsecount="1"/>
        <line num="10" count="64" type="stmt"/>
        <line num="11" count="40" type="stmt"/>
        <line num="12" count="20" type="stmt"/>
        <line num="13" count="40" type="stmt"/>
        <line num="14" count="48" type="stmt"/>
        <line num="15" count="16" type="stmt"/>
        <line num="16" count="4" type="stmt"/>
        <line num="19" count="4" type="stmt"/>
        <line num="20" count="4" type="stmt"/>
      </file>
      <file name="index.ts" path="F:\mony\pc\love-code\packages\compile\src\utils\index.ts">
        <metrics statements="7" coveredstatements="5" conditionals="4" coveredconditionals="1" methods="4" coveredmethods="2"/>
        <line num="3" count="2" type="stmt"/>
        <line num="4" count="0" type="stmt"/>
        <line num="8" count="2" type="stmt"/>
        <line num="9" count="0" type="stmt"/>
        <line num="14" count="2" type="stmt"/>
        <line num="15" count="8" type="stmt"/>
        <line num="16" count="28" type="cond" truecount="1" falsecount="3"/>
      </file>
    </package>
  </project>
</coverage>
