{"F:\\mony\\pc\\love-code\\packages\\compile\\src\\props\\assert.ts": {"path":"F:\\mony\\pc\\love-code\\packages\\compile\\src\\props\\assert.ts","statementMap":{"0":{"start":{"line":1,"column":0},"end":{"line":1,"column":null}},"1":{"start":{"line":9,"column":2},"end":{"line":9,"column":null}},"2":{"start":{"line":8,"column":0},"end":{"line":8,"column":16}},"3":{"start":{"line":13,"column":2},"end":{"line":13,"column":null}},"4":{"start":{"line":12,"column":0},"end":{"line":12,"column":16}},"5":{"start":{"line":17,"column":2},"end":{"line":17,"column":null}},"6":{"start":{"line":16,"column":0},"end":{"line":16,"column":16}},"7":{"start":{"line":21,"column":2},"end":{"line":21,"column":null}},"8":{"start":{"line":20,"column":0},"end":{"line":20,"column":16}},"9":{"start":{"line":25,"column":2},"end":{"line":25,"column":null}},"10":{"start":{"line":24,"column":0},"end":{"line":24,"column":16}},"11":{"start":{"line":29,"column":2},"end":{"line":29,"column":null}},"12":{"start":{"line":28,"column":0},"end":{"line":28,"column":16}},"13":{"start":{"line":33,"column":2},"end":{"line":33,"column":null}},"14":{"start":{"line":32,"column":0},"end":{"line":32,"column":16}},"15":{"start":{"line":37,"column":2},"end":{"line":37,"column":null}},"16":{"start":{"line":36,"column":0},"end":{"line":36,"column":16}},"17":{"start":{"line":41,"column":2},"end":{"line":41,"column":null}},"18":{"start":{"line":40,"column":0},"end":{"line":40,"column":16}},"19":{"start":{"line":45,"column":2},"end":{"line":45,"column":null}},"20":{"start":{"line":44,"column":0},"end":{"line":44,"column":16}}},"fnMap":{"0":{"name":"isProp","decl":{"start":{"line":8,"column":16},"end":{"line":8,"column":22}},"loc":{"start":{"line":8,"column":29},"end":{"line":10,"column":1}}},"1":{"name":"isNativeProp","decl":{"start":{"line":12,"column":16},"end":{"line":12,"column":28}},"loc":{"start":{"line":12,"column":35},"end":{"line":14,"column":1}}},"2":{"name":"isSlefProp","decl":{"start":{"line":16,"column":16},"end":{"line":16,"column":26}},"loc":{"start":{"line":16,"column":33},"end":{"line":18,"column":1}}},"3":{"name":"isDynamicProp","decl":{"start":{"line":20,"column":16},"end":{"line":20,"column":29}},"loc":{"start":{"line":20,"column":36},"end":{"line":22,"column":1}}},"4":{"name":"isEventProp","decl":{"start":{"line":24,"column":16},"end":{"line":24,"column":27}},"loc":{"start":{"line":24,"column":34},"end":{"line":26,"column":1}}},"5":{"name":"isModelProp","decl":{"start":{"line":28,"column":16},"end":{"line":28,"column":27}},"loc":{"start":{"line":28,"column":34},"end":{"line":30,"column":1}}},"6":{"name":"isSlotProp","decl":{"start":{"line":32,"column":16},"end":{"line":32,"column":26}},"loc":{"start":{"line":32,"column":33},"end":{"line":34,"column":1}}},"7":{"name":"isIfProp","decl":{"start":{"line":36,"column":16},"end":{"line":36,"column":24}},"loc":{"start":{"line":36,"column":31},"end":{"line":38,"column":1}}},"8":{"name":"isForProp","decl":{"start":{"line":40,"column":16},"end":{"line":40,"column":25}},"loc":{"start":{"line":40,"column":32},"end":{"line":42,"column":1}}},"9":{"name":"isRefProp","decl":{"start":{"line":44,"column":16},"end":{"line":44,"column":25}},"loc":{"start":{"line":44,"column":32},"end":{"line":46,"column":1}}}},"branchMap":{"0":{"loc":{"start":{"line":13,"column":9},"end":{"line":13,"column":18}},"type":"binary-expr","locations":[{"start":{"line":13,"column":9},"end":{"line":13,"column":18}},{"start":{"line":13,"column":22},"end":{"line":13,"column":52}}]},"1":{"loc":{"start":{"line":17,"column":9},"end":{"line":17,"column":18}},"type":"binary-expr","locations":[{"start":{"line":17,"column":9},"end":{"line":17,"column":18}},{"start":{"line":17,"column":22},"end":{"line":17,"column":50}}]},"2":{"loc":{"start":{"line":21,"column":9},"end":{"line":21,"column":18}},"type":"binary-expr","locations":[{"start":{"line":21,"column":9},"end":{"line":21,"column":18}},{"start":{"line":21,"column":22},"end":{"line":21,"column":50}}]},"3":{"loc":{"start":{"line":25,"column":9},"end":{"line":25,"column":18}},"type":"binary-expr","locations":[{"start":{"line":25,"column":9},"end":{"line":25,"column":18}},{"start":{"line":25,"column":22},"end":{"line":25,"column":48}}]},"4":{"loc":{"start":{"line":29,"column":9},"end":{"line":29,"column":18}},"type":"binary-expr","locations":[{"start":{"line":29,"column":9},"end":{"line":29,"column":18}},{"start":{"line":29,"column":22},"end":{"line":29,"column":48}}]},"5":{"loc":{"start":{"line":33,"column":9},"end":{"line":33,"column":18}},"type":"binary-expr","locations":[{"start":{"line":33,"column":9},"end":{"line":33,"column":18}},{"start":{"line":33,"column":22},"end":{"line":33,"column":47}}]},"6":{"loc":{"start":{"line":37,"column":9},"end":{"line":37,"column":18}},"type":"binary-expr","locations":[{"start":{"line":37,"column":9},"end":{"line":37,"column":18}},{"start":{"line":37,"column":22},"end":{"line":37,"column":45}}]},"7":{"loc":{"start":{"line":41,"column":9},"end":{"line":41,"column":18}},"type":"binary-expr","locations":[{"start":{"line":41,"column":9},"end":{"line":41,"column":18}},{"start":{"line":41,"column":22},"end":{"line":41,"column":46}}]},"8":{"loc":{"start":{"line":45,"column":9},"end":{"line":45,"column":18}},"type":"binary-expr","locations":[{"start":{"line":45,"column":9},"end":{"line":45,"column":18}},{"start":{"line":45,"column":22},"end":{"line":45,"column":46}}]}},"s":{"0":4,"1":66,"2":4,"3":20,"4":4,"5":3,"6":4,"7":16,"8":4,"9":12,"10":4,"11":8,"12":4,"13":0,"14":4,"15":5,"16":4,"17":0,"18":4,"19":2,"20":4},"f":{"0":66,"1":20,"2":3,"3":16,"4":12,"5":8,"6":0,"7":5,"8":0,"9":2},"b":{"0":[20,20],"1":[3,3],"2":[16,16],"3":[12,12],"4":[8,8],"5":[0,0],"6":[5,5],"7":[0,0],"8":[2,2]}}
,"F:\\mony\\pc\\love-code\\packages\\compile\\src\\props\\index.ts": {"path":"F:\\mony\\pc\\love-code\\packages\\compile\\src\\props\\index.ts","statementMap":{"0":{"start":{"line":1,"column":0},"end":{"line":1,"column":23}},"1":{"start":{"line":2,"column":0},"end":{"line":2,"column":21}},"2":{"start":{"line":3,"column":0},"end":{"line":3,"column":24}},"3":{"start":{"line":4,"column":0},"end":{"line":4,"column":23}},"4":{"start":{"line":5,"column":0},"end":{"line":5,"column":27}}},"fnMap":{},"branchMap":{},"s":{"0":4,"1":4,"2":4,"3":4,"4":4},"f":{},"b":{}}
,"F:\\mony\\pc\\love-code\\packages\\compile\\src\\props\\pro.ts": {"path":"F:\\mony\\pc\\love-code\\packages\\compile\\src\\props\\pro.ts","statementMap":{"0":{"start":{"line":1,"column":0},"end":{"line":1,"column":null}},"1":{"start":{"line":16,"column":0},"end":{"line":16,"column":41}},"2":{"start":{"line":34,"column":2},"end":{"line":34,"column":null}},"3":{"start":{"line":33,"column":0},"end":{"line":33,"column":16}},"4":{"start":{"line":39,"column":2},"end":{"line":39,"column":null}},"5":{"start":{"line":38,"column":0},"end":{"line":38,"column":16}},"6":{"start":{"line":43,"column":2},"end":{"line":43,"column":null}},"7":{"start":{"line":42,"column":0},"end":{"line":42,"column":16}},"8":{"start":{"line":70,"column":2},"end":{"line":73,"column":null}},"9":{"start":{"line":69,"column":0},"end":{"line":69,"column":16}},"10":{"start":{"line":92,"column":2},"end":{"line":92,"column":null}},"11":{"start":{"line":91,"column":0},"end":{"line":91,"column":16}},"12":{"start":{"line":124,"column":21},"end":{"line":124,"column":100}},"13":{"start":{"line":125,"column":2},"end":{"line":125,"column":null}},"14":{"start":{"line":123,"column":0},"end":{"line":123,"column":16}},"15":{"start":{"line":149,"column":21},"end":{"line":149,"column":50}},"16":{"start":{"line":150,"column":2},"end":{"line":150,"column":null}},"17":{"start":{"line":148,"column":0},"end":{"line":148,"column":16}},"18":{"start":{"line":180,"column":2},"end":{"line":185,"column":null}},"19":{"start":{"line":181,"column":4},"end":{"line":181,"column":null}},"20":{"start":{"line":182,"column":4},"end":{"line":182,"column":null}},"21":{"start":{"line":183,"column":9},"end":{"line":185,"column":null}},"22":{"start":{"line":184,"column":4},"end":{"line":184,"column":null}},"23":{"start":{"line":187,"column":2},"end":{"line":189,"column":null}},"24":{"start":{"line":188,"column":4},"end":{"line":188,"column":null}},"25":{"start":{"line":191,"column":21},"end":{"line":191,"column":50}},"26":{"start":{"line":192,"column":2},"end":{"line":192,"column":null}},"27":{"start":{"line":178,"column":0},"end":{"line":178,"column":16}},"28":{"start":{"line":210,"column":21},"end":{"line":210,"column":54}},"29":{"start":{"line":211,"column":2},"end":{"line":211,"column":null}},"30":{"start":{"line":209,"column":0},"end":{"line":209,"column":16}},"31":{"start":{"line":234,"column":21},"end":{"line":234,"column":37}},"32":{"start":{"line":235,"column":2},"end":{"line":235,"column":null}},"33":{"start":{"line":233,"column":0},"end":{"line":233,"column":16}},"34":{"start":{"line":261,"column":21},"end":{"line":261,"column":36}},"35":{"start":{"line":262,"column":2},"end":{"line":262,"column":null}},"36":{"start":{"line":260,"column":0},"end":{"line":260,"column":16}},"37":{"start":{"line":267,"column":2},"end":{"line":267,"column":null}},"38":{"start":{"line":266,"column":0},"end":{"line":266,"column":16}},"39":{"start":{"line":273,"column":2},"end":{"line":273,"column":null}},"40":{"start":{"line":272,"column":0},"end":{"line":272,"column":16}}},"fnMap":{"0":{"name":"prop","decl":{"start":{"line":33,"column":16},"end":{"line":33,"column":20}},"loc":{"start":{"line":33,"column":60},"end":{"line":35,"column":1}}},"1":{"name":"nativeProp","decl":{"start":{"line":38,"column":16},"end":{"line":38,"column":26}},"loc":{"start":{"line":38,"column":55},"end":{"line":40,"column":1}}},"2":{"name":"selfProp","decl":{"start":{"line":42,"column":16},"end":{"line":42,"column":24}},"loc":{"start":{"line":42,"column":37},"end":{"line":44,"column":1}}},"3":{"name":"vDirective","decl":{"start":{"line":69,"column":16},"end":{"line":69,"column":26}},"loc":{"start":{"line":69,"column":78},"end":{"line":74,"column":1}}},"4":{"name":"vDirectiveProp","decl":{"start":{"line":91,"column":16},"end":{"line":91,"column":30}},"loc":{"start":{"line":91,"column":59},"end":{"line":93,"column":1}}},"5":{"name":"vEventProp","decl":{"start":{"line":123,"column":16},"end":{"line":123,"column":26}},"loc":{"start":{"line":123,"column":75},"end":{"line":126,"column":1}}},"6":{"name":"vDynamiceProp","decl":{"start":{"line":148,"column":16},"end":{"line":148,"column":29}},"loc":{"start":{"line":148,"column":54},"end":{"line":151,"column":1}}},"7":{"name":"vModelProp","decl":{"start":{"line":178,"column":16},"end":{"line":178,"column":26}},"loc":{"start":{"line":178,"column":50},"end":{"line":193,"column":1}}},"8":{"name":"vSlotProp","decl":{"start":{"line":209,"column":16},"end":{"line":209,"column":25}},"loc":{"start":{"line":209,"column":59},"end":{"line":212,"column":1}}},"9":{"name":"vIfProp","decl":{"start":{"line":233,"column":16},"end":{"line":233,"column":23}},"loc":{"start":{"line":233,"column":47},"end":{"line":236,"column":1}}},"10":{"name":"vRefProp","decl":{"start":{"line":260,"column":16},"end":{"line":260,"column":24}},"loc":{"start":{"line":260,"column":64},"end":{"line":263,"column":1}}},"11":{"name":"mixDefaultForValue","decl":{"start":{"line":266,"column":16},"end":{"line":266,"column":34}},"loc":{"start":{"line":266,"column":67},"end":{"line":268,"column":1}}},"12":{"name":"isDynamicFor","decl":{"start":{"line":272,"column":16},"end":{"line":272,"column":28}},"loc":{"start":{"line":272,"column":35},"end":{"line":274,"column":1}}}},"branchMap":{"0":{"loc":{"start":{"line":124,"column":45},"end":{"line":124,"column":72}},"type":"cond-expr","locations":[{"start":{"line":124,"column":45},"end":{"line":124,"column":72}},{"start":{"line":124,"column":75},"end":{"line":124,"column":100}}]},"1":{"loc":{"start":{"line":180,"column":2},"end":{"line":185,"column":null}},"type":"if","locations":[{"start":{"line":180,"column":2},"end":{"line":185,"column":null}},{"start":{"line":180,"column":2},"end":{"line":185,"column":null}}]},"2":{"loc":{"start":{"line":180,"column":6},"end":{"line":180,"column":12}},"type":"binary-expr","locations":[{"start":{"line":180,"column":6},"end":{"line":180,"column":12}},{"start":{"line":180,"column":16},"end":{"line":180,"column":21}}]},"3":{"loc":{"start":{"line":183,"column":9},"end":{"line":185,"column":null}},"type":"if","locations":[{"start":{"line":183,"column":9},"end":{"line":185,"column":null}},{"start":{"line":183,"column":9},"end":{"line":185,"column":null}}]},"4":{"loc":{"start":{"line":187,"column":2},"end":{"line":189,"column":null}},"type":"if","locations":[{"start":{"line":187,"column":2},"end":{"line":189,"column":null}},{"start":{"line":187,"column":2},"end":{"line":189,"column":null}}]},"5":{"loc":{"start":{"line":209,"column":37},"end":{"line":209,"column":46}},"type":"default-arg","locations":[{"start":{"line":209,"column":37},"end":{"line":209,"column":46}}]}},"s":{"0":4,"1":4,"2":45,"3":4,"4":12,"5":4,"6":2,"7":4,"8":30,"9":4,"10":1,"11":4,"12":7,"13":7,"14":4,"15":5,"16":5,"17":4,"18":6,"19":3,"20":3,"21":3,"22":2,"23":6,"24":0,"25":6,"26":6,"27":4,"28":2,"29":2,"30":4,"31":4,"32":4,"33":4,"34":4,"35":4,"36":4,"37":0,"38":4,"39":0,"40":4},"f":{"0":45,"1":12,"2":2,"3":30,"4":1,"5":7,"6":5,"7":6,"8":2,"9":4,"10":4,"11":0,"12":0},"b":{"0":[4,3],"1":[3,3],"2":[6,3],"3":[2,1],"4":[0,6],"5":[1]}}
,"F:\\mony\\pc\\love-code\\packages\\compile\\src\\props\\props.ts": {"path":"F:\\mony\\pc\\love-code\\packages\\compile\\src\\props\\props.ts","statementMap":{"0":{"start":{"line":1,"column":13},"end":{"line":1,"column":null}},"1":{"start":{"line":13,"column":0},"end":{"line":13,"column":null}},"2":{"start":{"line":14,"column":2},"end":{"line":14,"column":null}},"3":{"start":{"line":15,"column":2},"end":{"line":15,"column":null}},"4":{"start":{"line":19,"column":0},"end":{"line":19,"column":null}},"5":{"start":{"line":20,"column":2},"end":{"line":20,"column":null}},"6":{"start":{"line":21,"column":2},"end":{"line":21,"column":null}},"7":{"start":{"line":22,"column":2},"end":{"line":22,"column":null}},"8":{"start":{"line":23,"column":2},"end":{"line":23,"column":null}},"9":{"start":{"line":24,"column":2},"end":{"line":24,"column":null}},"10":{"start":{"line":25,"column":2},"end":{"line":25,"column":null}},"11":{"start":{"line":26,"column":2},"end":{"line":26,"column":null}},"12":{"start":{"line":27,"column":2},"end":{"line":27,"column":null}},"13":{"start":{"line":66,"column":54},"end":{"line":66,"column":55}},"14":{"start":{"line":67,"column":2},"end":{"line":69,"column":null}},"15":{"start":{"line":68,"column":4},"end":{"line":68,"column":null}},"16":{"start":{"line":70,"column":15},"end":{"line":70,"column":62}},"17":{"start":{"line":71,"column":21},"end":{"line":71,"column":48}},"18":{"start":{"line":72,"column":2},"end":{"line":72,"column":null}},"19":{"start":{"line":65,"column":0},"end":{"line":65,"column":16}},"20":{"start":{"line":105,"column":13},"end":{"line":111,"column":null}}},"fnMap":{"0":{"name":"(anonymous_0)","decl":{"start":{"line":13,"column":0},"end":{"line":13,"column":12}},"loc":{"start":{"line":13,"column":24},"end":{"line":16,"column":1}}},"1":{"name":"(anonymous_1)","decl":{"start":{"line":19,"column":0},"end":{"line":19,"column":12}},"loc":{"start":{"line":19,"column":21},"end":{"line":28,"column":1}}},"2":{"name":"vDirectiveNameFormatter","decl":{"start":{"line":65,"column":16},"end":{"line":65,"column":39}},"loc":{"start":{"line":65,"column":53},"end":{"line":73,"column":1}}}},"branchMap":{"0":{"loc":{"start":{"line":13,"column":12},"end":{"line":13,"column":24}},"type":"binary-expr","locations":[{"start":{"line":13,"column":12},"end":{"line":13,"column":24}},{"start":{"line":13,"column":12},"end":{"line":13,"column":null}}]},"1":{"loc":{"start":{"line":19,"column":12},"end":{"line":19,"column":21}},"type":"binary-expr","locations":[{"start":{"line":19,"column":12},"end":{"line":19,"column":21}},{"start":{"line":19,"column":12},"end":{"line":19,"column":null}}]},"2":{"loc":{"start":{"line":67,"column":2},"end":{"line":69,"column":null}},"type":"if","locations":[{"start":{"line":67,"column":2},"end":{"line":69,"column":null}},{"start":{"line":67,"column":2},"end":{"line":69,"column":null}}]},"3":{"loc":{"start":{"line":70,"column":22},"end":{"line":70,"column":24}},"type":"cond-expr","locations":[{"start":{"line":70,"column":22},"end":{"line":70,"column":24}},{"start":{"line":70,"column":27},"end":{"line":70,"column":62}}]},"4":{"loc":{"start":{"line":70,"column":39},"end":{"line":70,"column":50}},"type":"cond-expr","locations":[{"start":{"line":70,"column":39},"end":{"line":70,"column":50}},{"start":{"line":70,"column":53},"end":{"line":70,"column":62}}]},"5":{"loc":{"start":{"line":71,"column":22},"end":{"line":71,"column":31}},"type":"binary-expr","locations":[{"start":{"line":71,"column":22},"end":{"line":71,"column":31}},{"start":{"line":71,"column":35},"end":{"line":71,"column":37}}]},"6":{"loc":{"start":{"line":72,"column":39},"end":{"line":72,"column":55}},"type":"cond-expr","locations":[{"start":{"line":72,"column":39},"end":{"line":72,"column":55}},{"start":{"line":72,"column":58},"end":{"line":72,"column":60}}]}},"s":{"0":4,"1":4,"2":4,"3":4,"4":4,"5":4,"6":4,"7":4,"8":4,"9":4,"10":4,"11":4,"12":4,"13":37,"14":37,"15":1,"16":36,"17":36,"18":36,"19":4,"20":4},"f":{"0":4,"1":4,"2":37},"b":{"0":[4,4],"1":[4,4],"2":[1,36],"3":[8,28],"4":[3,25],"5":[36,29],"6":[7,29]}}
,"F:\\mony\\pc\\love-code\\packages\\compile\\src\\props\\stringify.ts": {"path":"F:\\mony\\pc\\love-code\\packages\\compile\\src\\props\\stringify.ts","statementMap":{"0":{"start":{"line":1,"column":0},"end":{"line":1,"column":41}},"1":{"start":{"line":5,"column":0},"end":{"line":5,"column":null}},"2":{"start":{"line":8,"column":0},"end":{"line":8,"column":null}},"3":{"start":{"line":29,"column":2},"end":{"line":29,"column":null}},"4":{"start":{"line":28,"column":0},"end":{"line":28,"column":16}},"5":{"start":{"line":39,"column":32},"end":{"line":41,"column":1}},"6":{"start":{"line":40,"column":2},"end":{"line":40,"column":null}},"7":{"start":{"line":39,"column":13},"end":{"line":39,"column":32}},"8":{"start":{"line":54,"column":33},"end":{"line":59,"column":1}},"9":{"start":{"line":55,"column":2},"end":{"line":57,"column":null}},"10":{"start":{"line":56,"column":4},"end":{"line":56,"column":null}},"11":{"start":{"line":58,"column":2},"end":{"line":58,"column":null}},"12":{"start":{"line":54,"column":13},"end":{"line":54,"column":33}},"13":{"start":{"line":62,"column":2},"end":{"line":62,"column":null}},"14":{"start":{"line":70,"column":33},"end":{"line":75,"column":1}},"15":{"start":{"line":71,"column":31},"end":{"line":71,"column":39}},"16":{"start":{"line":72,"column":19},"end":{"line":72,"column":85}},"17":{"start":{"line":73,"column":19},"end":{"line":73,"column":55}},"18":{"start":{"line":74,"column":4},"end":{"line":74,"column":null}},"19":{"start":{"line":70,"column":13},"end":{"line":70,"column":33}},"20":{"start":{"line":83,"column":28},"end":{"line":106,"column":1}},"21":{"start":{"line":84,"column":23},"end":{"line":96,"column":null}},"22":{"start":{"line":98,"column":2},"end":{"line":103,"column":null}},"23":{"start":{"line":98,"column":15},"end":{"line":98,"column":16}},"24":{"start":{"line":99,"column":32},"end":{"line":99,"column":47}},"25":{"start":{"line":100,"column":4},"end":{"line":102,"column":null}},"26":{"start":{"line":101,"column":6},"end":{"line":101,"column":null}},"27":{"start":{"line":105,"column":2},"end":{"line":105,"column":null}},"28":{"start":{"line":83,"column":13},"end":{"line":83,"column":28}}},"fnMap":{"0":{"name":"propStrinify","decl":{"start":{"line":28,"column":16},"end":{"line":28,"column":28}},"loc":{"start":{"line":28,"column":36},"end":{"line":30,"column":1}}},"1":{"name":"(anonymous_7)","decl":{"start":{"line":39,"column":32},"end":{"line":39,"column":33}},"loc":{"start":{"line":39,"column":52},"end":{"line":41,"column":1}}},"2":{"name":"(anonymous_8)","decl":{"start":{"line":54,"column":33},"end":{"line":54,"column":34}},"loc":{"start":{"line":54,"column":53},"end":{"line":59,"column":1}}},"3":{"name":"isDynamicFor","decl":{"start":{"line":61,"column":9},"end":{"line":61,"column":21}},"loc":{"start":{"line":61,"column":28},"end":{"line":63,"column":1}}},"4":{"name":"(anonymous_10)","decl":{"start":{"line":70,"column":33},"end":{"line":70,"column":34}},"loc":{"start":{"line":70,"column":53},"end":{"line":75,"column":1}}},"5":{"name":"(anonymous_11)","decl":{"start":{"line":83,"column":28},"end":{"line":83,"column":29}},"loc":{"start":{"line":83,"column":40},"end":{"line":106,"column":1}}}},"branchMap":{"0":{"loc":{"start":{"line":55,"column":2},"end":{"line":57,"column":null}},"type":"if","locations":[{"start":{"line":55,"column":2},"end":{"line":57,"column":null}},{"start":{"line":55,"column":2},"end":{"line":57,"column":null}}]},"1":{"loc":{"start":{"line":72,"column":44},"end":{"line":72,"column":65}},"type":"cond-expr","locations":[{"start":{"line":72,"column":44},"end":{"line":72,"column":65}},{"start":{"line":72,"column":68},"end":{"line":72,"column":85}}]},"2":{"loc":{"start":{"line":73,"column":35},"end":{"line":73,"column":47}},"type":"cond-expr","locations":[{"start":{"line":73,"column":35},"end":{"line":73,"column":47}},{"start":{"line":73,"column":50},"end":{"line":73,"column":55}}]},"3":{"loc":{"start":{"line":100,"column":4},"end":{"line":102,"column":null}},"type":"if","locations":[{"start":{"line":100,"column":4},"end":{"line":102,"column":null}},{"start":{"line":100,"column":4},"end":{"line":102,"column":null}}]}},"s":{"0":4,"1":4,"2":4,"3":17,"4":4,"5":4,"6":1,"7":4,"8":4,"9":2,"10":1,"11":1,"12":4,"13":0,"14":4,"15":0,"16":0,"17":0,"18":0,"19":4,"20":4,"21":20,"22":20,"23":20,"24":66,"25":66,"26":20,"27":0,"28":4},"f":{"0":17,"1":1,"2":2,"3":0,"4":0,"5":20},"b":{"0":[1,1],"1":[0,0],"2":[0,0],"3":[20,46]}}
,"F:\\mony\\pc\\love-code\\packages\\compile\\src\\props\\utils.ts": {"path":"F:\\mony\\pc\\love-code\\packages\\compile\\src\\props\\utils.ts","statementMap":{"0":{"start":{"line":5,"column":0},"end":{"line":5,"column":41}},"1":{"start":{"line":8,"column":2},"end":{"line":10,"column":null}},"2":{"start":{"line":9,"column":4},"end":{"line":9,"column":null}},"3":{"start":{"line":12,"column":2},"end":{"line":14,"column":null}},"4":{"start":{"line":13,"column":4},"end":{"line":13,"column":null}},"5":{"start":{"line":7,"column":0},"end":{"line":7,"column":16}},"6":{"start":{"line":19,"column":2},"end":{"line":21,"column":null}},"7":{"start":{"line":20,"column":4},"end":{"line":20,"column":null}},"8":{"start":{"line":22,"column":2},"end":{"line":22,"column":null}},"9":{"start":{"line":18,"column":0},"end":{"line":18,"column":16}},"10":{"start":{"line":28,"column":2},"end":{"line":44,"column":null}},"11":{"start":{"line":30,"column":4},"end":{"line":32,"column":null}},"12":{"start":{"line":31,"column":6},"end":{"line":31,"column":null}},"13":{"start":{"line":34,"column":4},"end":{"line":36,"column":null}},"14":{"start":{"line":35,"column":6},"end":{"line":35,"column":null}},"15":{"start":{"line":38,"column":4},"end":{"line":40,"column":null}},"16":{"start":{"line":39,"column":6},"end":{"line":39,"column":null}},"17":{"start":{"line":42,"column":4},"end":{"line":42,"column":null}},"18":{"start":{"line":26,"column":0},"end":{"line":26,"column":16}},"19":{"start":{"line":50,"column":12},"end":{"line":77,"column":8}},"20":{"start":{"line":54,"column":20},"end":{"line":56,"column":5}},"21":{"start":{"line":55,"column":6},"end":{"line":55,"column":null}},"22":{"start":{"line":58,"column":4},"end":{"line":60,"column":null}},"23":{"start":{"line":59,"column":6},"end":{"line":59,"column":null}},"24":{"start":{"line":62,"column":4},"end":{"line":64,"column":null}},"25":{"start":{"line":63,"column":6},"end":{"line":63,"column":null}},"26":{"start":{"line":66,"column":4},"end":{"line":68,"column":null}},"27":{"start":{"line":67,"column":6},"end":{"line":67,"column":null}},"28":{"start":{"line":70,"column":4},"end":{"line":72,"column":null}},"29":{"start":{"line":71,"column":6},"end":{"line":71,"column":null}},"30":{"start":{"line":74,"column":4},"end":{"line":74,"column":null}},"31":{"start":{"line":79,"column":2},"end":{"line":79,"column":null}},"32":{"start":{"line":49,"column":0},"end":{"line":49,"column":16}},"33":{"start":{"line":84,"column":2},"end":{"line":86,"column":null}},"34":{"start":{"line":85,"column":4},"end":{"line":85,"column":null}},"35":{"start":{"line":88,"column":2},"end":{"line":90,"column":null}},"36":{"start":{"line":89,"column":4},"end":{"line":89,"column":null}},"37":{"start":{"line":92,"column":2},"end":{"line":94,"column":null}},"38":{"start":{"line":93,"column":4},"end":{"line":93,"column":null}},"39":{"start":{"line":96,"column":2},"end":{"line":98,"column":null}},"40":{"start":{"line":97,"column":4},"end":{"line":97,"column":null}},"41":{"start":{"line":100,"column":2},"end":{"line":100,"column":null}},"42":{"start":{"line":83,"column":0},"end":{"line":83,"column":16}}},"fnMap":{"0":{"name":"buildPropsByList","decl":{"start":{"line":7,"column":16},"end":{"line":7,"column":32}},"loc":{"start":{"line":7,"column":43},"end":{"line":15,"column":1}}},"1":{"name":"(anonymous_7)","decl":{"start":{"line":12,"column":18},"end":{"line":12,"column":19}},"loc":{"start":{"line":12,"column":32},"end":{"line":14,"column":3}}},"2":{"name":"parseBase","decl":{"start":{"line":18,"column":16},"end":{"line":18,"column":25}},"loc":{"start":{"line":18,"column":34},"end":{"line":23,"column":1}}},"3":{"name":"parseArray","decl":{"start":{"line":26,"column":16},"end":{"line":26,"column":26}},"loc":{"start":{"line":26,"column":36},"end":{"line":46,"column":1}}},"4":{"name":"(anonymous_10)","decl":{"start":{"line":28,"column":21},"end":{"line":28,"column":25}},"loc":{"start":{"line":28,"column":28},"end":{"line":44,"column":3}}},"5":{"name":"parseObj","decl":{"start":{"line":49,"column":16},"end":{"line":49,"column":24}},"loc":{"start":{"line":49,"column":51},"end":{"line":80,"column":1}}},"6":{"name":"(anonymous_12)","decl":{"start":{"line":50,"column":40},"end":{"line":50,"column":41}},"loc":{"start":{"line":50,"column":60},"end":{"line":77,"column":3}}},"7":{"name":"(anonymous_13)","decl":{"start":{"line":54,"column":20},"end":{"line":54,"column":21}},"loc":{"start":{"line":54,"column":34},"end":{"line":56,"column":5}}},"8":{"name":"dataFormatter","decl":{"start":{"line":83,"column":16},"end":{"line":83,"column":29}},"loc":{"start":{"line":83,"column":38},"end":{"line":101,"column":1}}}},"branchMap":{"0":{"loc":{"start":{"line":8,"column":2},"end":{"line":10,"column":null}},"type":"if","locations":[{"start":{"line":8,"column":2},"end":{"line":10,"column":null}},{"start":{"line":8,"column":2},"end":{"line":10,"column":null}}]},"1":{"loc":{"start":{"line":19,"column":2},"end":{"line":21,"column":null}},"type":"if","locations":[{"start":{"line":19,"column":2},"end":{"line":21,"column":null}},{"start":{"line":19,"column":2},"end":{"line":21,"column":null}}]},"2":{"loc":{"start":{"line":30,"column":4},"end":{"line":32,"column":null}},"type":"if","locations":[{"start":{"line":30,"column":4},"end":{"line":32,"column":null}},{"start":{"line":30,"column":4},"end":{"line":32,"column":null}}]},"3":{"loc":{"start":{"line":34,"column":4},"end":{"line":36,"column":null}},"type":"if","locations":[{"start":{"line":34,"column":4},"end":{"line":36,"column":null}},{"start":{"line":34,"column":4},"end":{"line":36,"column":null}}]},"4":{"loc":{"start":{"line":38,"column":4},"end":{"line":40,"column":null}},"type":"if","locations":[{"start":{"line":38,"column":4},"end":{"line":40,"column":null}},{"start":{"line":38,"column":4},"end":{"line":40,"column":null}}]},"5":{"loc":{"start":{"line":55,"column":28},"end":{"line":55,"column":31}},"type":"cond-expr","locations":[{"start":{"line":55,"column":28},"end":{"line":55,"column":31}},{"start":{"line":55,"column":34},"end":{"line":55,"column":36}}]},"6":{"loc":{"start":{"line":58,"column":4},"end":{"line":60,"column":null}},"type":"if","locations":[{"start":{"line":58,"column":4},"end":{"line":60,"column":null}},{"start":{"line":58,"column":4},"end":{"line":60,"column":null}}]},"7":{"loc":{"start":{"line":62,"column":4},"end":{"line":64,"column":null}},"type":"if","locations":[{"start":{"line":62,"column":4},"end":{"line":64,"column":null}},{"start":{"line":62,"column":4},"end":{"line":64,"column":null}}]},"8":{"loc":{"start":{"line":66,"column":4},"end":{"line":68,"column":null}},"type":"if","locations":[{"start":{"line":66,"column":4},"end":{"line":68,"column":null}},{"start":{"line":66,"column":4},"end":{"line":68,"column":null}}]},"9":{"loc":{"start":{"line":70,"column":4},"end":{"line":72,"column":null}},"type":"if","locations":[{"start":{"line":70,"column":4},"end":{"line":72,"column":null}},{"start":{"line":70,"column":4},"end":{"line":72,"column":null}}]},"10":{"loc":{"start":{"line":84,"column":2},"end":{"line":86,"column":null}},"type":"if","locations":[{"start":{"line":84,"column":2},"end":{"line":86,"column":null}},{"start":{"line":84,"column":2},"end":{"line":86,"column":null}}]},"11":{"loc":{"start":{"line":88,"column":2},"end":{"line":90,"column":null}},"type":"if","locations":[{"start":{"line":88,"column":2},"end":{"line":90,"column":null}},{"start":{"line":88,"column":2},"end":{"line":90,"column":null}}]},"12":{"loc":{"start":{"line":92,"column":2},"end":{"line":94,"column":null}},"type":"if","locations":[{"start":{"line":92,"column":2},"end":{"line":94,"column":null}},{"start":{"line":92,"column":2},"end":{"line":94,"column":null}}]},"13":{"loc":{"start":{"line":96,"column":2},"end":{"line":98,"column":null}},"type":"if","locations":[{"start":{"line":96,"column":2},"end":{"line":98,"column":null}},{"start":{"line":96,"column":2},"end":{"line":98,"column":null}}]}},"s":{"0":4,"1":18,"2":4,"3":14,"4":15,"5":4,"6":6,"7":0,"8":6,"9":4,"10":4,"11":5,"12":0,"13":5,"14":0,"15":5,"16":0,"17":5,"18":4,"19":0,"20":0,"21":0,"22":0,"23":0,"24":0,"25":0,"26":0,"27":0,"28":0,"29":0,"30":0,"31":0,"32":4,"33":17,"34":0,"35":17,"36":4,"37":13,"38":1,"39":12,"40":11,"41":1,"42":4},"f":{"0":18,"1":15,"2":6,"3":4,"4":5,"5":0,"6":0,"7":0,"8":17},"b":{"0":[4,14],"1":[0,6],"2":[0,5],"3":[0,5],"4":[0,5],"5":[0,0],"6":[0,0],"7":[0,0],"8":[0,0],"9":[0,0],"10":[0,17],"11":[4,13],"12":[1,12],"13":[11,1]}}
,"F:\\mony\\pc\\love-code\\packages\\compile\\src\\tag\\assert.ts": {"path":"F:\\mony\\pc\\love-code\\packages\\compile\\src\\tag\\assert.ts","statementMap":{"0":{"start":{"line":1,"column":0},"end":{"line":1,"column":null}},"1":{"start":{"line":9,"column":2},"end":{"line":9,"column":null}},"2":{"start":{"line":8,"column":0},"end":{"line":8,"column":16}},"3":{"start":{"line":13,"column":2},"end":{"line":13,"column":null}},"4":{"start":{"line":12,"column":0},"end":{"line":12,"column":16}},"5":{"start":{"line":17,"column":2},"end":{"line":17,"column":null}},"6":{"start":{"line":16,"column":0},"end":{"line":16,"column":16}},"7":{"start":{"line":21,"column":2},"end":{"line":21,"column":null}},"8":{"start":{"line":20,"column":0},"end":{"line":20,"column":16}},"9":{"start":{"line":25,"column":2},"end":{"line":25,"column":null}},"10":{"start":{"line":24,"column":0},"end":{"line":24,"column":16}},"11":{"start":{"line":30,"column":2},"end":{"line":30,"column":null}},"12":{"start":{"line":29,"column":0},"end":{"line":29,"column":16}},"13":{"start":{"line":34,"column":2},"end":{"line":34,"column":null}},"14":{"start":{"line":33,"column":0},"end":{"line":33,"column":16}},"15":{"start":{"line":38,"column":2},"end":{"line":38,"column":null}},"16":{"start":{"line":37,"column":0},"end":{"line":37,"column":16}},"17":{"start":{"line":42,"column":2},"end":{"line":42,"column":null}},"18":{"start":{"line":41,"column":0},"end":{"line":41,"column":16}},"19":{"start":{"line":46,"column":2},"end":{"line":46,"column":null}},"20":{"start":{"line":45,"column":0},"end":{"line":45,"column":16}}},"fnMap":{"0":{"name":"isTag","decl":{"start":{"line":8,"column":16},"end":{"line":8,"column":21}},"loc":{"start":{"line":8,"column":28},"end":{"line":10,"column":1}}},"1":{"name":"isNativeTag","decl":{"start":{"line":12,"column":16},"end":{"line":12,"column":27}},"loc":{"start":{"line":12,"column":34},"end":{"line":14,"column":1}}},"2":{"name":"isSlefTag","decl":{"start":{"line":16,"column":16},"end":{"line":16,"column":25}},"loc":{"start":{"line":16,"column":32},"end":{"line":18,"column":1}}},"3":{"name":"isDynamicTag","decl":{"start":{"line":20,"column":16},"end":{"line":20,"column":28}},"loc":{"start":{"line":20,"column":35},"end":{"line":22,"column":1}}},"4":{"name":"isTextTag","decl":{"start":{"line":24,"column":16},"end":{"line":24,"column":25}},"loc":{"start":{"line":24,"column":32},"end":{"line":26,"column":1}}},"5":{"name":"isTagType","decl":{"start":{"line":29,"column":16},"end":{"line":29,"column":25}},"loc":{"start":{"line":29,"column":32},"end":{"line":31,"column":1}}},"6":{"name":"isNativeTagType","decl":{"start":{"line":33,"column":16},"end":{"line":33,"column":31}},"loc":{"start":{"line":33,"column":38},"end":{"line":35,"column":1}}},"7":{"name":"isSlefTagType","decl":{"start":{"line":37,"column":16},"end":{"line":37,"column":29}},"loc":{"start":{"line":37,"column":36},"end":{"line":39,"column":1}}},"8":{"name":"isDynamicTagType","decl":{"start":{"line":41,"column":16},"end":{"line":41,"column":32}},"loc":{"start":{"line":41,"column":39},"end":{"line":43,"column":1}}},"9":{"name":"isTextTagType","decl":{"start":{"line":45,"column":16},"end":{"line":45,"column":29}},"loc":{"start":{"line":45,"column":36},"end":{"line":47,"column":1}}}},"branchMap":{"0":{"loc":{"start":{"line":9,"column":9},"end":{"line":9,"column":12}},"type":"binary-expr","locations":[{"start":{"line":9,"column":9},"end":{"line":9,"column":12}},{"start":{"line":9,"column":16},"end":{"line":9,"column":34}}]},"1":{"loc":{"start":{"line":13,"column":9},"end":{"line":13,"column":17}},"type":"binary-expr","locations":[{"start":{"line":13,"column":9},"end":{"line":13,"column":17}},{"start":{"line":13,"column":21},"end":{"line":13,"column":46}}]},"2":{"loc":{"start":{"line":17,"column":9},"end":{"line":17,"column":17}},"type":"binary-expr","locations":[{"start":{"line":17,"column":9},"end":{"line":17,"column":17}},{"start":{"line":17,"column":21},"end":{"line":17,"column":44}}]},"3":{"loc":{"start":{"line":21,"column":9},"end":{"line":21,"column":17}},"type":"binary-expr","locations":[{"start":{"line":21,"column":9},"end":{"line":21,"column":17}},{"start":{"line":21,"column":21},"end":{"line":21,"column":47}}]},"4":{"loc":{"start":{"line":25,"column":9},"end":{"line":25,"column":17}},"type":"binary-expr","locations":[{"start":{"line":25,"column":9},"end":{"line":25,"column":17}},{"start":{"line":25,"column":21},"end":{"line":25,"column":44}}]},"5":{"loc":{"start":{"line":30,"column":9},"end":{"line":30,"column":12}},"type":"binary-expr","locations":[{"start":{"line":30,"column":9},"end":{"line":30,"column":12}},{"start":{"line":30,"column":16},"end":{"line":30,"column":34}}]},"6":{"loc":{"start":{"line":34,"column":9},"end":{"line":34,"column":17}},"type":"binary-expr","locations":[{"start":{"line":34,"column":9},"end":{"line":34,"column":17}},{"start":{"line":34,"column":21},"end":{"line":34,"column":46}}]},"7":{"loc":{"start":{"line":38,"column":9},"end":{"line":38,"column":17}},"type":"binary-expr","locations":[{"start":{"line":38,"column":9},"end":{"line":38,"column":17}},{"start":{"line":38,"column":21},"end":{"line":38,"column":44}}]},"8":{"loc":{"start":{"line":42,"column":9},"end":{"line":42,"column":17}},"type":"binary-expr","locations":[{"start":{"line":42,"column":9},"end":{"line":42,"column":17}},{"start":{"line":42,"column":21},"end":{"line":42,"column":47}}]},"9":{"loc":{"start":{"line":46,"column":9},"end":{"line":46,"column":17}},"type":"binary-expr","locations":[{"start":{"line":46,"column":9},"end":{"line":46,"column":17}},{"start":{"line":46,"column":21},"end":{"line":46,"column":44}}]}},"s":{"0":2,"1":42,"2":2,"3":0,"4":2,"5":8,"6":2,"7":8,"8":2,"9":12,"10":2,"11":0,"12":2,"13":0,"14":2,"15":0,"16":2,"17":0,"18":2,"19":0,"20":2},"f":{"0":42,"1":0,"2":8,"3":8,"4":12,"5":0,"6":0,"7":0,"8":0,"9":0},"b":{"0":[42,36],"1":[0,0],"2":[8,8],"3":[8,8],"4":[12,12],"5":[0,0],"6":[0,0],"7":[0,0],"8":[0,0],"9":[0,0]}}
,"F:\\mony\\pc\\love-code\\packages\\compile\\src\\tag\\index.ts": {"path":"F:\\mony\\pc\\love-code\\packages\\compile\\src\\tag\\index.ts","statementMap":{"0":{"start":{"line":1,"column":0},"end":{"line":1,"column":21}},"1":{"start":{"line":2,"column":0},"end":{"line":2,"column":21}},"2":{"start":{"line":3,"column":0},"end":{"line":3,"column":24}},"3":{"start":{"line":4,"column":0},"end":{"line":4,"column":27}}},"fnMap":{},"branchMap":{},"s":{"0":2,"1":2,"2":2,"3":2},"f":{},"b":{}}
,"F:\\mony\\pc\\love-code\\packages\\compile\\src\\tag\\pro.ts": {"path":"F:\\mony\\pc\\love-code\\packages\\compile\\src\\tag\\pro.ts","statementMap":{"0":{"start":{"line":1,"column":0},"end":{"line":1,"column":null}},"1":{"start":{"line":6,"column":0},"end":{"line":6,"column":null}},"2":{"start":{"line":11,"column":0},"end":{"line":11,"column":41}},"3":{"start":{"line":13,"column":0},"end":{"line":13,"column":null}},"4":{"start":{"line":36,"column":2},"end":{"line":43,"column":null}},"5":{"start":{"line":35,"column":0},"end":{"line":35,"column":16}},"6":{"start":{"line":70,"column":2},"end":{"line":72,"column":null}},"7":{"start":{"line":71,"column":4},"end":{"line":71,"column":null}},"8":{"start":{"line":74,"column":2},"end":{"line":76,"column":null}},"9":{"start":{"line":75,"column":4},"end":{"line":75,"column":null}},"10":{"start":{"line":78,"column":2},"end":{"line":80,"column":null}},"11":{"start":{"line":79,"column":4},"end":{"line":79,"column":null}},"12":{"start":{"line":82,"column":2},"end":{"line":82,"column":null}},"13":{"start":{"line":69,"column":0},"end":{"line":69,"column":16}},"14":{"start":{"line":106,"column":17},"end":{"line":106,"column":74}},"15":{"start":{"line":107,"column":2},"end":{"line":107,"column":null}},"16":{"start":{"line":105,"column":0},"end":{"line":105,"column":16}},"17":{"start":{"line":124,"column":17},"end":{"line":124,"column":78}},"18":{"start":{"line":127,"column":2},"end":{"line":141,"column":null}},"19":{"start":{"line":129,"column":4},"end":{"line":131,"column":null}},"20":{"start":{"line":130,"column":6},"end":{"line":130,"column":null}},"21":{"start":{"line":132,"column":9},"end":{"line":141,"column":null}},"22":{"start":{"line":134,"column":4},"end":{"line":134,"column":null}},"23":{"start":{"line":135,"column":9},"end":{"line":141,"column":null}},"24":{"start":{"line":137,"column":4},"end":{"line":137,"column":null}},"25":{"start":{"line":140,"column":4},"end":{"line":140,"column":null}},"26":{"start":{"line":143,"column":2},"end":{"line":143,"column":null}},"27":{"start":{"line":123,"column":0},"end":{"line":123,"column":16}},"28":{"start":{"line":160,"column":2},"end":{"line":160,"column":null}},"29":{"start":{"line":159,"column":0},"end":{"line":159,"column":16}}},"fnMap":{"0":{"name":"node","decl":{"start":{"line":35,"column":16},"end":{"line":35,"column":20}},"loc":{"start":{"line":35,"column":77},"end":{"line":44,"column":1}}},"1":{"name":"textTag","decl":{"start":{"line":69,"column":16},"end":{"line":69,"column":23}},"loc":{"start":{"line":69,"column":32},"end":{"line":83,"column":1}}},"2":{"name":"selfTag","decl":{"start":{"line":105,"column":16},"end":{"line":105,"column":23}},"loc":{"start":{"line":105,"column":55},"end":{"line":108,"column":1}}},"3":{"name":"nativeTag","decl":{"start":{"line":123,"column":16},"end":{"line":123,"column":25}},"loc":{"start":{"line":123,"column":73},"end":{"line":144,"column":1}}},"4":{"name":"(anonymous_10)","decl":{"start":{"line":129,"column":29},"end":{"line":129,"column":30}},"loc":{"start":{"line":129,"column":44},"end":{"line":131,"column":5}}},"5":{"name":"dynamiceTag","decl":{"start":{"line":159,"column":16},"end":{"line":159,"column":27}},"loc":{"start":{"line":159,"column":36},"end":{"line":161,"column":1}}}},"branchMap":{"0":{"loc":{"start":{"line":70,"column":2},"end":{"line":72,"column":null}},"type":"if","locations":[{"start":{"line":70,"column":2},"end":{"line":72,"column":null}},{"start":{"line":70,"column":2},"end":{"line":72,"column":null}}]},"1":{"loc":{"start":{"line":70,"column":6},"end":{"line":70,"column":24}},"type":"binary-expr","locations":[{"start":{"line":70,"column":6},"end":{"line":70,"column":24}},{"start":{"line":70,"column":28},"end":{"line":70,"column":51}}]},"2":{"loc":{"start":{"line":74,"column":2},"end":{"line":76,"column":null}},"type":"if","locations":[{"start":{"line":74,"column":2},"end":{"line":76,"column":null}},{"start":{"line":74,"column":2},"end":{"line":76,"column":null}}]},"3":{"loc":{"start":{"line":74,"column":6},"end":{"line":74,"column":26}},"type":"binary-expr","locations":[{"start":{"line":74,"column":6},"end":{"line":74,"column":26}},{"start":{"line":74,"column":30},"end":{"line":74,"column":49}}]},"4":{"loc":{"start":{"line":78,"column":2},"end":{"line":80,"column":null}},"type":"if","locations":[{"start":{"line":78,"column":2},"end":{"line":80,"column":null}},{"start":{"line":78,"column":2},"end":{"line":80,"column":null}}]},"5":{"loc":{"start":{"line":78,"column":6},"end":{"line":78,"column":26}},"type":"binary-expr","locations":[{"start":{"line":78,"column":6},"end":{"line":78,"column":26}},{"start":{"line":78,"column":30},"end":{"line":78,"column":50}}]},"6":{"loc":{"start":{"line":106,"column":41},"end":{"line":106,"column":46}},"type":"cond-expr","locations":[{"start":{"line":106,"column":41},"end":{"line":106,"column":46}},{"start":{"line":106,"column":49},"end":{"line":106,"column":74}}]},"7":{"loc":{"start":{"line":106,"column":57},"end":{"line":106,"column":66}},"type":"cond-expr","locations":[{"start":{"line":106,"column":57},"end":{"line":106,"column":66}},{"start":{"line":106,"column":69},"end":{"line":106,"column":74}}]},"8":{"loc":{"start":{"line":124,"column":41},"end":{"line":124,"column":46}},"type":"cond-expr","locations":[{"start":{"line":124,"column":41},"end":{"line":124,"column":46}},{"start":{"line":124,"column":49},"end":{"line":124,"column":78}}]},"9":{"loc":{"start":{"line":124,"column":59},"end":{"line":124,"column":66}},"type":"cond-expr","locations":[{"start":{"line":124,"column":59},"end":{"line":124,"column":66}},{"start":{"line":124,"column":69},"end":{"line":124,"column":78}}]},"10":{"loc":{"start":{"line":127,"column":2},"end":{"line":141,"column":null}},"type":"if","locations":[{"start":{"line":127,"column":2},"end":{"line":141,"column":null}},{"start":{"line":127,"column":2},"end":{"line":141,"column":null}}]},"11":{"loc":{"start":{"line":130,"column":28},"end":{"line":130,"column":33}},"type":"cond-expr","locations":[{"start":{"line":130,"column":28},"end":{"line":130,"column":33}},{"start":{"line":130,"column":36},"end":{"line":130,"column":50}}]},"12":{"loc":{"start":{"line":132,"column":9},"end":{"line":141,"column":null}},"type":"if","locations":[{"start":{"line":132,"column":9},"end":{"line":141,"column":null}},{"start":{"line":132,"column":9},"end":{"line":141,"column":null}}]},"13":{"loc":{"start":{"line":135,"column":9},"end":{"line":141,"column":null}},"type":"if","locations":[{"start":{"line":135,"column":9},"end":{"line":141,"column":null}},{"start":{"line":135,"column":9},"end":{"line":141,"column":null}}]}},"s":{"0":2,"1":2,"2":2,"3":2,"4":34,"5":2,"6":16,"7":4,"8":12,"9":2,"10":10,"11":9,"12":1,"13":2,"14":5,"15":5,"16":2,"17":13,"18":13,"19":1,"20":2,"21":12,"22":2,"23":10,"24":6,"25":4,"26":13,"27":2,"28":0,"29":2},"f":{"0":34,"1":16,"2":5,"3":13,"4":2,"5":0},"b":{"0":[4,12],"1":[16,14],"2":[2,10],"3":[12,11],"4":[9,1],"5":[10,2],"6":[0,5],"7":[5,0],"8":[1,12],"9":[8,4],"10":[1,12],"11":[2,0],"12":[2,10],"13":[6,4]}}
,"F:\\mony\\pc\\love-code\\packages\\compile\\src\\tag\\stringify.ts": {"path":"F:\\mony\\pc\\love-code\\packages\\compile\\src\\tag\\stringify.ts","statementMap":{"0":{"start":{"line":5,"column":0},"end":{"line":5,"column":null}},"1":{"start":{"line":9,"column":0},"end":{"line":9,"column":null}},"2":{"start":{"line":14,"column":0},"end":{"line":14,"column":42}},"3":{"start":{"line":16,"column":0},"end":{"line":16,"column":null}},"4":{"start":{"line":21,"column":2},"end":{"line":21,"column":null}},"5":{"start":{"line":20,"column":0},"end":{"line":20,"column":16}},"6":{"start":{"line":29,"column":35},"end":{"line":29,"column":36}},"7":{"start":{"line":31,"column":2},"end":{"line":33,"column":null}},"8":{"start":{"line":32,"column":4},"end":{"line":32,"column":null}},"9":{"start":{"line":35,"column":15},"end":{"line":35,"column":24}},"10":{"start":{"line":36,"column":2},"end":{"line":39,"column":null}},"11":{"start":{"line":37,"column":4},"end":{"line":37,"column":null}},"12":{"start":{"line":38,"column":4},"end":{"line":38,"column":null}},"13":{"start":{"line":43,"column":21},"end":{"line":43,"column":90}},"14":{"start":{"line":43,"column":59},"end":{"line":43,"column":74}},"15":{"start":{"line":45,"column":2},"end":{"line":47,"column":null}},"16":{"start":{"line":46,"column":4},"end":{"line":46,"column":null}},"17":{"start":{"line":49,"column":2},"end":{"line":51,"column":null}},"18":{"start":{"line":50,"column":4},"end":{"line":50,"column":null}},"19":{"start":{"line":53,"column":23},"end":{"line":53,"column":88}},"20":{"start":{"line":53,"column":55},"end":{"line":53,"column":72}},"21":{"start":{"line":54,"column":2},"end":{"line":54,"column":null}},"22":{"start":{"line":28,"column":0},"end":{"line":28,"column":16}}},"fnMap":{"0":{"name":"getTagName","decl":{"start":{"line":20,"column":16},"end":{"line":20,"column":26}},"loc":{"start":{"line":20,"column":33},"end":{"line":22,"column":1}}},"1":{"name":"tagtoString","decl":{"start":{"line":28,"column":16},"end":{"line":28,"column":27}},"loc":{"start":{"line":28,"column":64},"end":{"line":55,"column":1}}},"2":{"name":"(anonymous_2)","decl":{"start":{"line":43,"column":54},"end":{"line":43,"column":55}},"loc":{"start":{"line":43,"column":59},"end":{"line":43,"column":74}}},"3":{"name":"(anonymous_3)","decl":{"start":{"line":53,"column":47},"end":{"line":53,"column":51}},"loc":{"start":{"line":53,"column":55},"end":{"line":53,"column":72}}}},"branchMap":{"0":{"loc":{"start":{"line":21,"column":40},"end":{"line":21,"column":41}},"type":"cond-expr","locations":[{"start":{"line":21,"column":40},"end":{"line":21,"column":41}},{"start":{"line":21,"column":44},"end":{"line":21,"column":61}}]},"1":{"loc":{"start":{"line":21,"column":50},"end":{"line":21,"column":56}},"type":"cond-expr","locations":[{"start":{"line":21,"column":50},"end":{"line":21,"column":56}},{"start":{"line":21,"column":59},"end":{"line":21,"column":61}}]},"2":{"loc":{"start":{"line":28,"column":54},"end":{"line":28,"column":64}},"type":"default-arg","locations":[{"start":{"line":28,"column":54},"end":{"line":28,"column":64}}]},"3":{"loc":{"start":{"line":31,"column":2},"end":{"line":33,"column":null}},"type":"if","locations":[{"start":{"line":31,"column":2},"end":{"line":33,"column":null}},{"start":{"line":31,"column":2},"end":{"line":33,"column":null}}]},"4":{"loc":{"start":{"line":36,"column":2},"end":{"line":39,"column":null}},"type":"if","locations":[{"start":{"line":36,"column":2},"end":{"line":39,"column":null}},{"start":{"line":36,"column":2},"end":{"line":39,"column":null}}]},"5":{"loc":{"start":{"line":43,"column":29},"end":{"line":43,"column":85}},"type":"cond-expr","locations":[{"start":{"line":43,"column":29},"end":{"line":43,"column":85}},{"start":{"line":43,"column":88},"end":{"line":43,"column":90}}]},"6":{"loc":{"start":{"line":45,"column":2},"end":{"line":47,"column":null}},"type":"if","locations":[{"start":{"line":45,"column":2},"end":{"line":47,"column":null}},{"start":{"line":45,"column":2},"end":{"line":47,"column":null}}]},"7":{"loc":{"start":{"line":49,"column":2},"end":{"line":51,"column":null}},"type":"if","locations":[{"start":{"line":49,"column":2},"end":{"line":51,"column":null}},{"start":{"line":49,"column":2},"end":{"line":51,"column":null}}]},"8":{"loc":{"start":{"line":53,"column":34},"end":{"line":53,"column":83}},"type":"cond-expr","locations":[{"start":{"line":53,"column":34},"end":{"line":53,"column":83}},{"start":{"line":53,"column":86},"end":{"line":53,"column":88}}]}},"s":{"0":2,"1":2,"2":2,"3":2,"4":8,"5":2,"6":12,"7":12,"8":4,"9":8,"10":8,"11":0,"12":0,"13":8,"14":8,"15":8,"16":0,"17":8,"18":4,"19":4,"20":1,"21":4,"22":2},"f":{"0":8,"1":12,"2":8,"3":1},"b":{"0":[8,0],"1":[0,0],"2":[12],"3":[4,8],"4":[0,8],"5":[8,0],"6":[0,8],"7":[4,4],"8":[1,3]}}
,"F:\\mony\\pc\\love-code\\packages\\compile\\src\\tag\\tag.ts": {"path":"F:\\mony\\pc\\love-code\\packages\\compile\\src\\tag\\tag.ts","statementMap":{"0":{"start":{"line":5,"column":0},"end":{"line":5,"column":null}},"1":{"start":{"line":6,"column":2},"end":{"line":6,"column":null}},"2":{"start":{"line":7,"column":2},"end":{"line":7,"column":null}},"3":{"start":{"line":8,"column":2},"end":{"line":8,"column":null}},"4":{"start":{"line":9,"column":2},"end":{"line":9,"column":null}},"5":{"start":{"line":12,"column":13},"end":{"line":12,"column":null}}},"fnMap":{"0":{"name":"(anonymous_0)","decl":{"start":{"line":5,"column":0},"end":{"line":5,"column":12}},"loc":{"start":{"line":5,"column":19},"end":{"line":10,"column":1}}}},"branchMap":{"0":{"loc":{"start":{"line":5,"column":12},"end":{"line":5,"column":19}},"type":"binary-expr","locations":[{"start":{"line":5,"column":12},"end":{"line":5,"column":19}},{"start":{"line":5,"column":12},"end":{"line":5,"column":null}}]}},"s":{"0":2,"1":2,"2":2,"3":2,"4":2,"5":2},"f":{"0":2},"b":{"0":[2,2]}}
,"F:\\mony\\pc\\love-code\\packages\\compile\\src\\utils\\assert.ts": {"path":"F:\\mony\\pc\\love-code\\packages\\compile\\src\\utils\\assert.ts","statementMap":{"0":{"start":{"line":5,"column":12},"end":{"line":5,"column":70}},"1":{"start":{"line":6,"column":2},"end":{"line":6,"column":null}},"2":{"start":{"line":4,"column":0},"end":{"line":4,"column":16}},"3":{"start":{"line":10,"column":23},"end":{"line":10,"column":75}},"4":{"start":{"line":10,"column":53},"end":{"line":10,"column":75}},"5":{"start":{"line":10,"column":13},"end":{"line":10,"column":23}},"6":{"start":{"line":11,"column":24},"end":{"line":11,"column":78}},"7":{"start":{"line":11,"column":55},"end":{"line":11,"column":78}},"8":{"start":{"line":11,"column":13},"end":{"line":11,"column":24}},"9":{"start":{"line":12,"column":26},"end":{"line":12,"column":91}},"10":{"start":{"line":12,"column":66},"end":{"line":12,"column":91}},"11":{"start":{"line":12,"column":13},"end":{"line":12,"column":26}},"12":{"start":{"line":13,"column":24},"end":{"line":13,"column":89}},"13":{"start":{"line":13,"column":66},"end":{"line":13,"column":89}},"14":{"start":{"line":13,"column":13},"end":{"line":13,"column":24}},"15":{"start":{"line":14,"column":27},"end":{"line":14,"column":79}},"16":{"start":{"line":14,"column":61},"end":{"line":14,"column":79}},"17":{"start":{"line":14,"column":13},"end":{"line":14,"column":27}},"18":{"start":{"line":15,"column":22},"end":{"line":15,"column":64}},"19":{"start":{"line":15,"column":51},"end":{"line":15,"column":64}},"20":{"start":{"line":15,"column":13},"end":{"line":15,"column":22}},"21":{"start":{"line":16,"column":24},"end":{"line":16,"column":78}},"22":{"start":{"line":16,"column":55},"end":{"line":16,"column":78}},"23":{"start":{"line":16,"column":13},"end":{"line":16,"column":24}},"24":{"start":{"line":19,"column":27},"end":{"line":19,"column":89}},"25":{"start":{"line":19,"column":58},"end":{"line":19,"column":89}},"26":{"start":{"line":19,"column":13},"end":{"line":19,"column":27}},"27":{"start":{"line":20,"column":26},"end":{"line":20,"column":97}},"28":{"start":{"line":20,"column":57},"end":{"line":20,"column":97}},"29":{"start":{"line":20,"column":13},"end":{"line":20,"column":26}}},"fnMap":{"0":{"name":"type","decl":{"start":{"line":4,"column":16},"end":{"line":4,"column":20}},"loc":{"start":{"line":4,"column":30},"end":{"line":7,"column":1}}},"1":{"name":"(anonymous_1)","decl":{"start":{"line":10,"column":23},"end":{"line":10,"column":24}},"loc":{"start":{"line":10,"column":53},"end":{"line":10,"column":75}}},"2":{"name":"(anonymous_2)","decl":{"start":{"line":11,"column":24},"end":{"line":11,"column":25}},"loc":{"start":{"line":11,"column":55},"end":{"line":11,"column":78}}},"3":{"name":"(anonymous_3)","decl":{"start":{"line":12,"column":26},"end":{"line":12,"column":27}},"loc":{"start":{"line":12,"column":66},"end":{"line":12,"column":91}}},"4":{"name":"(anonymous_4)","decl":{"start":{"line":13,"column":24},"end":{"line":13,"column":25}},"loc":{"start":{"line":13,"column":66},"end":{"line":13,"column":89}}},"5":{"name":"(anonymous_5)","decl":{"start":{"line":14,"column":27},"end":{"line":14,"column":28}},"loc":{"start":{"line":14,"column":61},"end":{"line":14,"column":79}}},"6":{"name":"(anonymous_6)","decl":{"start":{"line":15,"column":22},"end":{"line":15,"column":23}},"loc":{"start":{"line":15,"column":51},"end":{"line":15,"column":64}}},"7":{"name":"(anonymous_7)","decl":{"start":{"line":16,"column":24},"end":{"line":16,"column":25}},"loc":{"start":{"line":16,"column":55},"end":{"line":16,"column":78}}},"8":{"name":"(anonymous_8)","decl":{"start":{"line":19,"column":27},"end":{"line":19,"column":28}},"loc":{"start":{"line":19,"column":58},"end":{"line":19,"column":89}}},"9":{"name":"(anonymous_9)","decl":{"start":{"line":20,"column":26},"end":{"line":20,"column":27}},"loc":{"start":{"line":20,"column":57},"end":{"line":20,"column":97}}}},"branchMap":{"0":{"loc":{"start":{"line":6,"column":13},"end":{"line":6,"column":31}},"type":"cond-expr","locations":[{"start":{"line":6,"column":13},"end":{"line":6,"column":31}},{"start":{"line":6,"column":34},"end":{"line":6,"column":45}}]}},"s":{"0":166,"1":166,"2":4,"3":4,"4":64,"5":4,"6":4,"7":40,"8":4,"9":4,"10":20,"11":4,"12":4,"13":40,"14":4,"15":4,"16":48,"17":4,"18":4,"19":16,"20":4,"21":4,"22":2,"23":4,"24":4,"25":0,"26":4,"27":4,"28":0,"29":4},"f":{"0":166,"1":64,"2":40,"3":20,"4":40,"5":48,"6":16,"7":2,"8":0,"9":0},"b":{"0":[166,0]}}
,"F:\\mony\\pc\\love-code\\packages\\compile\\src\\utils\\index.ts": {"path":"F:\\mony\\pc\\love-code\\packages\\compile\\src\\utils\\index.ts","statementMap":{"0":{"start":{"line":4,"column":2},"end":{"line":4,"column":null}},"1":{"start":{"line":3,"column":0},"end":{"line":3,"column":16}},"2":{"start":{"line":9,"column":2},"end":{"line":9,"column":null}},"3":{"start":{"line":8,"column":0},"end":{"line":8,"column":16}},"4":{"start":{"line":15,"column":19},"end":{"line":15,"column":36}},"5":{"start":{"line":16,"column":2},"end":{"line":16,"column":null}},"6":{"start":{"line":16,"column":39},"end":{"line":16,"column":118}},"7":{"start":{"line":14,"column":0},"end":{"line":14,"column":16}}},"fnMap":{"0":{"name":"oneSpace","decl":{"start":{"line":3,"column":16},"end":{"line":3,"column":24}},"loc":{"start":{"line":3,"column":35},"end":{"line":5,"column":1}}},"1":{"name":"firstUpperCase","decl":{"start":{"line":8,"column":16},"end":{"line":8,"column":30}},"loc":{"start":{"line":8,"column":43},"end":{"line":10,"column":1}}},"2":{"name":"tagNameFormatter","decl":{"start":{"line":14,"column":16},"end":{"line":14,"column":32}},"loc":{"start":{"line":14,"column":48},"end":{"line":17,"column":1}}},"3":{"name":"(anonymous_3)","decl":{"start":{"line":16,"column":22},"end":{"line":16,"column":23}},"loc":{"start":{"line":16,"column":39},"end":{"line":16,"column":118}}}},"branchMap":{"0":{"loc":{"start":{"line":16,"column":63},"end":{"line":16,"column":111}},"type":"cond-expr","locations":[{"start":{"line":16,"column":63},"end":{"line":16,"column":111}},{"start":{"line":16,"column":114},"end":{"line":16,"column":118}}]},"1":{"loc":{"start":{"line":16,"column":80},"end":{"line":16,"column":82}},"type":"cond-expr","locations":[{"start":{"line":16,"column":80},"end":{"line":16,"column":82}},{"start":{"line":16,"column":85},"end":{"line":16,"column":88}}]}},"s":{"0":0,"1":2,"2":0,"3":2,"4":8,"5":8,"6":28,"7":2},"f":{"0":0,"1":0,"2":8,"3":28},"b":{"0":[0,28],"1":[0,0]}}
}
