TN:
SF:src\props\assert.ts
FN:16,isProp
FN:25,isNativeProp
FN:33,isSlefProp
FN:41,isDynamicProp
FN:50,isEventProp
FN:59,isModelProp
FN:68,isSlotProp
FN:77,isIfProp
FN:86,isForProp
FN:95,isRefProp
FNF:10
FNH:8
FNDA:66,isProp
FNDA:20,isNativeProp
FNDA:3,isSlefProp
FNDA:16,isDynamicProp
FNDA:12,isEventProp
FNDA:8,isModelProp
FNDA:0,isSlotProp
FNDA:5,isIfProp
FNDA:0,isForProp
FNDA:2,isRefProp
DA:4,4
DA:16,4
DA:17,66
DA:25,4
DA:26,20
DA:33,4
DA:34,3
DA:41,4
DA:42,16
DA:50,4
DA:51,12
DA:59,4
DA:60,8
DA:68,4
DA:69,0
DA:77,4
DA:78,5
DA:86,4
DA:87,0
DA:95,4
DA:96,2
LF:21
LH:19
BRDA:26,0,0,20
BRDA:26,0,1,20
BRDA:34,1,0,3
BRDA:34,1,1,3
BRDA:42,2,0,16
BRDA:42,2,1,16
BRDA:51,3,0,12
BRDA:51,3,1,12
BRDA:60,4,0,8
BRDA:60,4,1,8
BRDA:69,5,0,0
BRDA:69,5,1,0
BRDA:78,6,0,5
BRDA:78,6,1,5
BRDA:87,7,0,0
BRDA:87,7,1,0
BRDA:96,8,0,2
BRDA:96,8,1,2
BRF:18
BRH:14
end_of_record
TN:
SF:src\props\index.ts
FNF:0
FNH:0
DA:1,4
DA:2,4
DA:3,4
DA:4,4
DA:5,4
LF:5
LH:5
BRF:0
BRH:0
end_of_record
TN:
SF:src\props\pro.ts
FN:35,prop
FN:41,nativeProp
FN:45,selfProp
FN:75,vDirective
FN:99,vDirectiveProp
FN:132,vEventProp
FN:159,vDynamiceProp
FN:191,vModelProp
FN:224,vSlotProp
FN:250,vIfProp
FN:278,vRefProp
FN:284,mixDefaultForValue
FN:290,isDynamicFor
FNF:13
FNH:11
FNDA:45,prop
FNDA:12,nativeProp
FNDA:2,selfProp
FNDA:30,vDirective
FNDA:1,vDirectiveProp
FNDA:7,vEventProp
FNDA:5,vDynamiceProp
FNDA:6,vModelProp
FNDA:2,vSlotProp
FNDA:4,vIfProp
FNDA:4,vRefProp
FNDA:0,mixDefaultForValue
FNDA:0,isDynamicFor
DA:1,4
DA:16,4
DA:35,4
DA:36,45
DA:41,4
DA:42,12
DA:45,4
DA:46,2
DA:75,4
DA:76,30
DA:99,4
DA:100,1
DA:132,4
DA:133,7
DA:134,7
DA:159,4
DA:160,5
DA:161,5
DA:191,4
DA:193,6
DA:194,3
DA:195,3
DA:196,3
DA:197,2
DA:200,6
DA:201,0
DA:204,6
DA:205,6
DA:224,4
DA:225,2
DA:226,2
DA:250,4
DA:251,4
DA:252,4
DA:278,4
DA:279,4
DA:280,4
DA:284,4
DA:285,0
DA:290,4
DA:291,0
LF:41
LH:38
BRDA:133,0,0,4
BRDA:133,0,1,3
BRDA:193,1,0,3
BRDA:193,1,1,3
BRDA:193,2,0,6
BRDA:193,2,1,3
BRDA:196,3,0,2
BRDA:196,3,1,1
BRDA:200,4,0,0
BRDA:200,4,1,6
BRDA:224,5,0,1
BRF:11
BRH:10
end_of_record
TN:
SF:src\props\props.ts
FN:21,(anonymous_0)
FN:29,(anonymous_1)
FN:81,vDirectiveNameFormatter
FNF:3
FNH:3
FNDA:4,(anonymous_0)
FNDA:4,(anonymous_1)
FNDA:37,vDirectiveNameFormatter
DA:1,4
DA:21,4
DA:22,4
DA:23,4
DA:29,4
DA:30,4
DA:31,4
DA:32,4
DA:33,4
DA:34,4
DA:35,4
DA:36,4
DA:37,4
DA:81,4
DA:82,37
DA:83,37
DA:84,1
DA:86,36
DA:87,36
DA:88,36
DA:126,4
LF:21
LH:21
BRDA:21,0,0,4
BRDA:21,0,1,4
BRDA:29,1,0,4
BRDA:29,1,1,4
BRDA:83,2,0,1
BRDA:83,2,1,36
BRDA:86,3,0,8
BRDA:86,3,1,28
BRDA:86,4,0,3
BRDA:86,4,1,25
BRDA:87,5,0,36
BRDA:87,5,1,29
BRDA:88,6,0,7
BRDA:88,6,1,29
BRF:14
BRH:14
end_of_record
TN:
SF:src\props\stringify.ts
FN:30,propStrinify
FN:43,(anonymous_1)
FN:60,(anonymous_2)
FN:67,isDynamicFor
FN:76,(anonymous_4)
FN:91,(anonymous_5)
FNF:6
FNH:4
FNDA:17,propStrinify
FNDA:1,(anonymous_1)
FNDA:2,(anonymous_2)
FNDA:0,isDynamicFor
FNDA:0,(anonymous_4)
FNDA:20,(anonymous_5)
DA:1,4
DA:5,4
DA:8,4
DA:30,4
DA:31,17
DA:43,4
DA:44,1
DA:60,4
DA:61,2
DA:62,1
DA:64,1
DA:68,0
DA:76,4
DA:77,0
DA:78,0
DA:79,0
DA:80,0
DA:91,4
DA:92,20
DA:106,20
DA:107,66
DA:108,66
DA:109,20
DA:113,0
LF:24
LH:18
BRDA:61,0,0,1
BRDA:61,0,1,1
BRDA:78,1,0,0
BRDA:78,1,1,0
BRDA:79,2,0,0
BRDA:79,2,1,0
BRDA:108,3,0,20
BRDA:108,3,1,46
BRF:8
BRH:4
end_of_record
TN:
SF:src\props\utils.ts
FN:19,buildPropsByList
FN:24,(anonymous_1)
FN:34,parseBase
FN:51,parseArray
FN:53,(anonymous_4)
FN:84,parseObj
FN:85,(anonymous_6)
FN:89,(anonymous_7)
FN:141,dataFormatter
FNF:9
FNH:6
FNDA:18,buildPropsByList
FNDA:15,(anonymous_1)
FNDA:6,parseBase
FNDA:4,parseArray
FNDA:5,(anonymous_4)
FNDA:0,parseObj
FNDA:0,(anonymous_6)
FNDA:0,(anonymous_7)
FNDA:17,dataFormatter
DA:5,4
DA:19,4
DA:20,18
DA:21,4
DA:24,14
DA:25,15
DA:34,4
DA:35,6
DA:36,0
DA:38,6
DA:51,4
DA:53,4
DA:55,5
DA:56,0
DA:59,5
DA:60,0
DA:63,5
DA:64,0
DA:67,5
DA:84,4
DA:85,0
DA:89,0
DA:90,0
DA:93,0
DA:94,0
DA:97,0
DA:98,0
DA:101,0
DA:102,0
DA:105,0
DA:106,0
DA:109,0
DA:114,0
DA:141,4
DA:142,17
DA:143,0
DA:146,17
DA:147,4
DA:150,13
DA:151,1
DA:154,12
DA:155,11
DA:158,1
LF:43
LH:25
BRDA:20,0,0,4
BRDA:20,0,1,14
BRDA:35,1,0,0
BRDA:35,1,1,6
BRDA:55,2,0,0
BRDA:55,2,1,5
BRDA:59,3,0,0
BRDA:59,3,1,5
BRDA:63,4,0,0
BRDA:63,4,1,5
BRDA:90,5,0,0
BRDA:90,5,1,0
BRDA:93,6,0,0
BRDA:93,6,1,0
BRDA:97,7,0,0
BRDA:97,7,1,0
BRDA:101,8,0,0
BRDA:101,8,1,0
BRDA:105,9,0,0
BRDA:105,9,1,0
BRDA:142,10,0,0
BRDA:142,10,1,17
BRDA:146,11,0,4
BRDA:146,11,1,13
BRDA:150,12,0,1
BRDA:150,12,1,12
BRDA:154,13,0,11
BRDA:154,13,1,1
BRF:28
BRH:13
end_of_record
TN:
SF:src\tag\assert.ts
FN:15,isTag
FN:24,isNativeTag
FN:33,isSlefTag
FN:42,isDynamicTag
FN:51,isTextTag
FN:58,isTagType
FN:62,isNativeTagType
FN:66,isSlefTagType
FN:70,isDynamicTagType
FN:74,isTextTagType
FNF:10
FNH:4
FNDA:42,isTag
FNDA:0,isNativeTag
FNDA:8,isSlefTag
FNDA:8,isDynamicTag
FNDA:12,isTextTag
FNDA:0,isTagType
FNDA:0,isNativeTagType
FNDA:0,isSlefTagType
FNDA:0,isDynamicTagType
FNDA:0,isTextTagType
DA:4,2
DA:15,2
DA:16,42
DA:24,2
DA:25,0
DA:33,2
DA:34,8
DA:42,2
DA:43,8
DA:51,2
DA:52,12
DA:58,2
DA:59,0
DA:62,2
DA:63,0
DA:66,2
DA:67,0
DA:70,2
DA:71,0
DA:74,2
DA:75,0
LF:21
LH:15
BRDA:16,0,0,42
BRDA:16,0,1,36
BRDA:25,1,0,0
BRDA:25,1,1,0
BRDA:34,2,0,8
BRDA:34,2,1,8
BRDA:43,3,0,8
BRDA:43,3,1,8
BRDA:52,4,0,12
BRDA:52,4,1,12
BRDA:59,5,0,0
BRDA:59,5,1,0
BRDA:63,6,0,0
BRDA:63,6,1,0
BRDA:67,7,0,0
BRDA:67,7,1,0
BRDA:71,8,0,0
BRDA:71,8,1,0
BRDA:75,9,0,0
BRDA:75,9,1,0
BRF:20
BRH:8
end_of_record
TN:
SF:src\tag\index.ts
FNF:0
FNH:0
DA:1,2
DA:2,2
DA:3,2
DA:4,2
LF:4
LH:4
BRF:0
BRH:0
end_of_record
TN:
SF:src\tag\pro.ts
FN:36,node
FN:72,textTag
FN:110,selfTag
FN:130,nativeTag
FN:136,(anonymous_4)
FN:168,dynamiceTag
FNF:6
FNH:5
FNDA:34,node
FNDA:16,textTag
FNDA:5,selfTag
FNDA:13,nativeTag
FNDA:2,(anonymous_4)
FNDA:0,dynamiceTag
DA:1,2
DA:6,2
DA:11,2
DA:13,2
DA:36,2
DA:37,34
DA:72,2
DA:73,16
DA:74,4
DA:77,12
DA:78,2
DA:81,10
DA:82,9
DA:85,1
DA:110,2
DA:111,5
DA:112,5
DA:130,2
DA:131,13
DA:134,13
DA:136,1
DA:137,2
DA:139,12
DA:141,2
DA:142,10
DA:144,6
DA:147,4
DA:150,13
DA:168,2
DA:169,0
LF:30
LH:29
BRDA:73,0,0,4
BRDA:73,0,1,12
BRDA:73,1,0,16
BRDA:73,1,1,14
BRDA:77,2,0,2
BRDA:77,2,1,10
BRDA:77,3,0,12
BRDA:77,3,1,11
BRDA:81,4,0,9
BRDA:81,4,1,1
BRDA:81,5,0,10
BRDA:81,5,1,2
BRDA:111,6,0,0
BRDA:111,6,1,5
BRDA:111,7,0,5
BRDA:111,7,1,0
BRDA:131,8,0,1
BRDA:131,8,1,12
BRDA:131,9,0,8
BRDA:131,9,1,4
BRDA:134,10,0,1
BRDA:134,10,1,12
BRDA:137,11,0,2
BRDA:137,11,1,0
BRDA:139,12,0,2
BRDA:139,12,1,10
BRDA:142,13,0,6
BRDA:142,13,1,4
BRF:28
BRH:25
end_of_record
TN:
SF:src\tag\stringify.ts
FN:25,getTagName
FN:61,tagtoString
FN:76,(anonymous_2)
FN:86,(anonymous_3)
FNF:4
FNH:4
FNDA:8,getTagName
FNDA:12,tagtoString
FNDA:8,(anonymous_2)
FNDA:1,(anonymous_3)
DA:5,2
DA:9,2
DA:14,2
DA:16,2
DA:25,2
DA:26,8
DA:61,2
DA:62,12
DA:64,12
DA:65,4
DA:68,8
DA:69,8
DA:70,0
DA:71,0
DA:76,8
DA:78,8
DA:79,0
DA:82,8
DA:83,4
DA:86,4
DA:87,4
LF:21
LH:18
BRDA:26,0,0,8
BRDA:26,0,1,0
BRDA:26,1,0,0
BRDA:26,1,1,0
BRDA:61,2,0,12
BRDA:64,3,0,4
BRDA:64,3,1,8
BRDA:69,4,0,0
BRDA:69,4,1,8
BRDA:76,5,0,8
BRDA:76,5,1,0
BRDA:78,6,0,0
BRDA:78,6,1,8
BRDA:82,7,0,4
BRDA:82,7,1,4
BRDA:86,8,0,1
BRDA:86,8,1,3
BRF:17
BRH:11
end_of_record
TN:
SF:src\tag\tag.ts
FN:5,(anonymous_0)
FNF:1
FNH:1
FNDA:2,(anonymous_0)
DA:5,2
DA:6,2
DA:7,2
DA:8,2
DA:9,2
DA:12,2
LF:6
LH:6
BRDA:5,0,0,2
BRDA:5,0,1,2
BRF:2
BRH:2
end_of_record
TN:
SF:src\utils\index.ts
FN:7,oneSpace
FN:16,firstUpperCase
FN:30,tagNameFormatter
FN:32,(anonymous_3)
FNF:4
FNH:2
FNDA:0,oneSpace
FNDA:0,firstUpperCase
FNDA:8,tagNameFormatter
FNDA:28,(anonymous_3)
DA:7,2
DA:8,0
DA:16,2
DA:17,0
DA:30,2
DA:31,8
DA:32,28
LF:7
LH:5
BRDA:32,0,0,0
BRDA:32,0,1,28
BRDA:32,1,0,0
BRDA:32,1,1,0
BRF:4
BRH:1
end_of_record
