TN:
SF:src\props\assert.ts
FN:8,isProp
FN:12,isNativeProp
FN:16,isSlefProp
FN:20,isDynamicProp
FN:24,isEventProp
FN:28,isModelProp
FN:32,isSlotProp
FN:36,isIfProp
FN:40,isForProp
FN:44,isRefProp
FNF:10
FNH:8
FNDA:66,isProp
FNDA:20,isNativeProp
FNDA:3,isSlefProp
FNDA:16,isDynamicProp
FNDA:12,isEventProp
FNDA:8,isModelProp
FNDA:0,isSlotProp
FNDA:5,isIfProp
FNDA:0,isForProp
FNDA:2,isRefProp
DA:1,4
DA:8,4
DA:9,66
DA:12,4
DA:13,20
DA:16,4
DA:17,3
DA:20,4
DA:21,16
DA:24,4
DA:25,12
DA:28,4
DA:29,8
DA:32,4
DA:33,0
DA:36,4
DA:37,5
DA:40,4
DA:41,0
DA:44,4
DA:45,2
LF:21
LH:19
BRDA:13,0,0,20
BRDA:13,0,1,20
BRDA:17,1,0,3
BRDA:17,1,1,3
BRDA:21,2,0,16
BRDA:21,2,1,16
BRDA:25,3,0,12
BRDA:25,3,1,12
BRDA:29,4,0,8
BRDA:29,4,1,8
BRDA:33,5,0,0
BRDA:33,5,1,0
BRDA:37,6,0,5
BRDA:37,6,1,5
BRDA:41,7,0,0
BRDA:41,7,1,0
BRDA:45,8,0,2
BRDA:45,8,1,2
BRF:18
BRH:14
end_of_record
TN:
SF:src\props\index.ts
FNF:0
FNH:0
DA:1,4
DA:2,4
DA:3,4
DA:4,4
DA:5,4
LF:5
LH:5
BRF:0
BRH:0
end_of_record
TN:
SF:src\props\pro.ts
FN:33,prop
FN:38,nativeProp
FN:42,selfProp
FN:69,vDirective
FN:91,vDirectiveProp
FN:123,vEventProp
FN:148,vDynamiceProp
FN:178,vModelProp
FN:209,vSlotProp
FN:233,vIfProp
FN:260,vRefProp
FN:266,mixDefaultForValue
FN:272,isDynamicFor
FNF:13
FNH:11
FNDA:45,prop
FNDA:12,nativeProp
FNDA:2,selfProp
FNDA:30,vDirective
FNDA:1,vDirectiveProp
FNDA:7,vEventProp
FNDA:5,vDynamiceProp
FNDA:6,vModelProp
FNDA:2,vSlotProp
FNDA:4,vIfProp
FNDA:4,vRefProp
FNDA:0,mixDefaultForValue
FNDA:0,isDynamicFor
DA:1,4
DA:16,4
DA:33,4
DA:34,45
DA:38,4
DA:39,12
DA:42,4
DA:43,2
DA:69,4
DA:70,30
DA:91,4
DA:92,1
DA:123,4
DA:124,7
DA:125,7
DA:148,4
DA:149,5
DA:150,5
DA:178,4
DA:180,6
DA:181,3
DA:182,3
DA:183,3
DA:184,2
DA:187,6
DA:188,0
DA:191,6
DA:192,6
DA:209,4
DA:210,2
DA:211,2
DA:233,4
DA:234,4
DA:235,4
DA:260,4
DA:261,4
DA:262,4
DA:266,4
DA:267,0
DA:272,4
DA:273,0
LF:41
LH:38
BRDA:124,0,0,4
BRDA:124,0,1,3
BRDA:180,1,0,3
BRDA:180,1,1,3
BRDA:180,2,0,6
BRDA:180,2,1,3
BRDA:183,3,0,2
BRDA:183,3,1,1
BRDA:187,4,0,0
BRDA:187,4,1,6
BRDA:209,5,0,1
BRF:11
BRH:10
end_of_record
TN:
SF:src\props\props.ts
FN:13,(anonymous_0)
FN:19,(anonymous_1)
FN:65,vDirectiveNameFormatter
FNF:3
FNH:3
FNDA:4,(anonymous_0)
FNDA:4,(anonymous_1)
FNDA:37,vDirectiveNameFormatter
DA:1,4
DA:13,4
DA:14,4
DA:15,4
DA:19,4
DA:20,4
DA:21,4
DA:22,4
DA:23,4
DA:24,4
DA:25,4
DA:26,4
DA:27,4
DA:65,4
DA:66,37
DA:67,37
DA:68,1
DA:70,36
DA:71,36
DA:72,36
DA:105,4
LF:21
LH:21
BRDA:13,0,0,4
BRDA:13,0,1,4
BRDA:19,1,0,4
BRDA:19,1,1,4
BRDA:67,2,0,1
BRDA:67,2,1,36
BRDA:70,3,0,8
BRDA:70,3,1,28
BRDA:70,4,0,3
BRDA:70,4,1,25
BRDA:71,5,0,36
BRDA:71,5,1,29
BRDA:72,6,0,7
BRDA:72,6,1,29
BRF:14
BRH:14
end_of_record
TN:
SF:src\props\stringify.ts
FN:28,propStrinify
FN:39,(anonymous_7)
FN:54,(anonymous_8)
FN:61,isDynamicFor
FN:70,(anonymous_10)
FN:83,(anonymous_11)
FNF:6
FNH:4
FNDA:17,propStrinify
FNDA:1,(anonymous_7)
FNDA:2,(anonymous_8)
FNDA:0,isDynamicFor
FNDA:0,(anonymous_10)
FNDA:20,(anonymous_11)
DA:1,4
DA:5,4
DA:8,4
DA:28,4
DA:29,17
DA:39,4
DA:40,1
DA:54,4
DA:55,2
DA:56,1
DA:58,1
DA:62,0
DA:70,4
DA:71,0
DA:72,0
DA:73,0
DA:74,0
DA:83,4
DA:84,20
DA:98,20
DA:99,66
DA:100,66
DA:101,20
DA:105,0
LF:24
LH:18
BRDA:55,0,0,1
BRDA:55,0,1,1
BRDA:72,1,0,0
BRDA:72,1,1,0
BRDA:73,2,0,0
BRDA:73,2,1,0
BRDA:100,3,0,20
BRDA:100,3,1,46
BRF:8
BRH:4
end_of_record
TN:
SF:src\props\utils.ts
FN:7,buildPropsByList
FN:12,(anonymous_7)
FN:18,parseBase
FN:26,parseArray
FN:28,(anonymous_10)
FN:49,parseObj
FN:50,(anonymous_12)
FN:54,(anonymous_13)
FN:83,dataFormatter
FNF:9
FNH:6
FNDA:18,buildPropsByList
FNDA:15,(anonymous_7)
FNDA:6,parseBase
FNDA:4,parseArray
FNDA:5,(anonymous_10)
FNDA:0,parseObj
FNDA:0,(anonymous_12)
FNDA:0,(anonymous_13)
FNDA:17,dataFormatter
DA:5,4
DA:7,4
DA:8,18
DA:9,4
DA:12,14
DA:13,15
DA:18,4
DA:19,6
DA:20,0
DA:22,6
DA:26,4
DA:28,4
DA:30,5
DA:31,0
DA:34,5
DA:35,0
DA:38,5
DA:39,0
DA:42,5
DA:49,4
DA:50,0
DA:54,0
DA:55,0
DA:58,0
DA:59,0
DA:62,0
DA:63,0
DA:66,0
DA:67,0
DA:70,0
DA:71,0
DA:74,0
DA:79,0
DA:83,4
DA:84,17
DA:85,0
DA:88,17
DA:89,4
DA:92,13
DA:93,1
DA:96,12
DA:97,11
DA:100,1
LF:43
LH:25
BRDA:8,0,0,4
BRDA:8,0,1,14
BRDA:19,1,0,0
BRDA:19,1,1,6
BRDA:30,2,0,0
BRDA:30,2,1,5
BRDA:34,3,0,0
BRDA:34,3,1,5
BRDA:38,4,0,0
BRDA:38,4,1,5
BRDA:55,5,0,0
BRDA:55,5,1,0
BRDA:58,6,0,0
BRDA:58,6,1,0
BRDA:62,7,0,0
BRDA:62,7,1,0
BRDA:66,8,0,0
BRDA:66,8,1,0
BRDA:70,9,0,0
BRDA:70,9,1,0
BRDA:84,10,0,0
BRDA:84,10,1,17
BRDA:88,11,0,4
BRDA:88,11,1,13
BRDA:92,12,0,1
BRDA:92,12,1,12
BRDA:96,13,0,11
BRDA:96,13,1,1
BRF:28
BRH:13
end_of_record
TN:
SF:src\tag\assert.ts
FN:8,isTag
FN:12,isNativeTag
FN:16,isSlefTag
FN:20,isDynamicTag
FN:24,isTextTag
FN:29,isTagType
FN:33,isNativeTagType
FN:37,isSlefTagType
FN:41,isDynamicTagType
FN:45,isTextTagType
FNF:10
FNH:4
FNDA:42,isTag
FNDA:0,isNativeTag
FNDA:8,isSlefTag
FNDA:8,isDynamicTag
FNDA:12,isTextTag
FNDA:0,isTagType
FNDA:0,isNativeTagType
FNDA:0,isSlefTagType
FNDA:0,isDynamicTagType
FNDA:0,isTextTagType
DA:1,2
DA:8,2
DA:9,42
DA:12,2
DA:13,0
DA:16,2
DA:17,8
DA:20,2
DA:21,8
DA:24,2
DA:25,12
DA:29,2
DA:30,0
DA:33,2
DA:34,0
DA:37,2
DA:38,0
DA:41,2
DA:42,0
DA:45,2
DA:46,0
LF:21
LH:15
BRDA:9,0,0,42
BRDA:9,0,1,36
BRDA:13,1,0,0
BRDA:13,1,1,0
BRDA:17,2,0,8
BRDA:17,2,1,8
BRDA:21,3,0,8
BRDA:21,3,1,8
BRDA:25,4,0,12
BRDA:25,4,1,12
BRDA:30,5,0,0
BRDA:30,5,1,0
BRDA:34,6,0,0
BRDA:34,6,1,0
BRDA:38,7,0,0
BRDA:38,7,1,0
BRDA:42,8,0,0
BRDA:42,8,1,0
BRDA:46,9,0,0
BRDA:46,9,1,0
BRF:20
BRH:8
end_of_record
TN:
SF:src\tag\index.ts
FNF:0
FNH:0
DA:1,2
DA:2,2
DA:3,2
DA:4,2
LF:4
LH:4
BRF:0
BRH:0
end_of_record
TN:
SF:src\tag\pro.ts
FN:18,node
FN:29,textTag
FN:45,selfTag
FN:64,nativeTag
FN:70,(anonymous_10)
FN:87,dynamiceTag
FNF:6
FNH:5
FNDA:34,node
FNDA:16,textTag
FNDA:5,selfTag
FNDA:13,nativeTag
FNDA:2,(anonymous_10)
FNDA:0,dynamiceTag
DA:1,2
DA:6,2
DA:11,2
DA:13,2
DA:18,2
DA:19,34
DA:29,2
DA:30,16
DA:31,4
DA:34,12
DA:35,2
DA:38,10
DA:39,9
DA:42,1
DA:45,2
DA:46,5
DA:47,5
DA:64,2
DA:65,13
DA:68,13
DA:70,1
DA:71,2
DA:73,12
DA:75,2
DA:76,10
DA:78,6
DA:81,4
DA:84,13
DA:87,2
DA:88,0
LF:30
LH:29
BRDA:30,0,0,4
BRDA:30,0,1,12
BRDA:30,1,0,16
BRDA:30,1,1,14
BRDA:34,2,0,2
BRDA:34,2,1,10
BRDA:34,3,0,12
BRDA:34,3,1,11
BRDA:38,4,0,9
BRDA:38,4,1,1
BRDA:38,5,0,10
BRDA:38,5,1,2
BRDA:46,6,0,0
BRDA:46,6,1,5
BRDA:46,7,0,5
BRDA:46,7,1,0
BRDA:65,8,0,1
BRDA:65,8,1,12
BRDA:65,9,0,8
BRDA:65,9,1,4
BRDA:68,10,0,1
BRDA:68,10,1,12
BRDA:71,11,0,2
BRDA:71,11,1,0
BRDA:73,12,0,2
BRDA:73,12,1,10
BRDA:76,13,0,6
BRDA:76,13,1,4
BRF:28
BRH:25
end_of_record
TN:
SF:src\tag\stringify.ts
FN:20,getTagName
FN:28,tagtoString
FN:43,(anonymous_2)
FN:53,(anonymous_3)
FNF:4
FNH:4
FNDA:8,getTagName
FNDA:12,tagtoString
FNDA:8,(anonymous_2)
FNDA:1,(anonymous_3)
DA:5,2
DA:9,2
DA:14,2
DA:16,2
DA:20,2
DA:21,8
DA:28,2
DA:29,12
DA:31,12
DA:32,4
DA:35,8
DA:36,8
DA:37,0
DA:38,0
DA:43,8
DA:45,8
DA:46,0
DA:49,8
DA:50,4
DA:53,4
DA:54,4
LF:21
LH:18
BRDA:21,0,0,8
BRDA:21,0,1,0
BRDA:21,1,0,0
BRDA:21,1,1,0
BRDA:28,2,0,12
BRDA:31,3,0,4
BRDA:31,3,1,8
BRDA:36,4,0,0
BRDA:36,4,1,8
BRDA:43,5,0,8
BRDA:43,5,1,0
BRDA:45,6,0,0
BRDA:45,6,1,8
BRDA:49,7,0,4
BRDA:49,7,1,4
BRDA:53,8,0,1
BRDA:53,8,1,3
BRF:17
BRH:11
end_of_record
TN:
SF:src\tag\tag.ts
FN:5,(anonymous_0)
FNF:1
FNH:1
FNDA:2,(anonymous_0)
DA:5,2
DA:6,2
DA:7,2
DA:8,2
DA:9,2
DA:12,2
LF:6
LH:6
BRDA:5,0,0,2
BRDA:5,0,1,2
BRF:2
BRH:2
end_of_record
TN:
SF:src\utils\assert.ts
FN:4,type
FN:10,(anonymous_1)
FN:11,(anonymous_2)
FN:12,(anonymous_3)
FN:13,(anonymous_4)
FN:14,(anonymous_5)
FN:15,(anonymous_6)
FN:16,(anonymous_7)
FN:19,(anonymous_8)
FN:20,(anonymous_9)
FNF:10
FNH:8
FNDA:166,type
FNDA:64,(anonymous_1)
FNDA:40,(anonymous_2)
FNDA:20,(anonymous_3)
FNDA:40,(anonymous_4)
FNDA:48,(anonymous_5)
FNDA:16,(anonymous_6)
FNDA:2,(anonymous_7)
FNDA:0,(anonymous_8)
FNDA:0,(anonymous_9)
DA:4,4
DA:5,166
DA:6,166
DA:10,64
DA:11,40
DA:12,20
DA:13,40
DA:14,48
DA:15,16
DA:16,4
DA:19,4
DA:20,4
LF:12
LH:12
BRDA:6,0,0,166
BRDA:6,0,1,0
BRF:2
BRH:1
end_of_record
TN:
SF:src\utils\index.ts
FN:3,oneSpace
FN:8,firstUpperCase
FN:14,tagNameFormatter
FN:16,(anonymous_3)
FNF:4
FNH:2
FNDA:0,oneSpace
FNDA:0,firstUpperCase
FNDA:8,tagNameFormatter
FNDA:28,(anonymous_3)
DA:3,2
DA:4,0
DA:8,2
DA:9,0
DA:14,2
DA:15,8
DA:16,28
LF:7
LH:5
BRDA:16,0,0,0
BRDA:16,0,1,28
BRDA:16,1,0,0
BRDA:16,1,1,0
BRF:4
BRH:1
end_of_record
